{"uuid":"cc770368-d857-4f14-b34c-c0cb9316b290","historyId":"6c54479a0571bf0a6bf52e107fbe5452","fullName":"Test Tree Page: The user is able run code in tryEditor","labels":[{"name":"tag","value":"TreeTest"},{"name":"host","value":"suba-pc"},{"name":"thread","value":"30676@suba-pc.TestNG-tests-2(17)"},{"name":"feature","value":"Test Tree Page"},{"name":"story","value":"The user is able run code in tryEditor"},{"name":"suite","value":"Test Tree Page"},{"name":"testClass","value":"The user is able run code in tryEditor"},{"name":"framework","value":"cucumber4jvm"},{"name":"language","value":"java"},{"name":"gherkin_uri","value":"file:///C:/Users/subas/eclipse-workspace-new/Z_DS-Algo_BDDcopy/src/test/resources/Features/JTreePage.feature"},{"name":"package","value":"src.test.resources.Features.JTreePage_feature.Test Tree Page"}],"links":[],"name":"The user is able run code in tryEditor","status":"broken","statusDetails":{"known":false,"muted":false,"flaky":false,"message":"unexpected alert open: {Alert text : NameError: name 'prin' is not defined on line 1}\n  (Session info: chrome=114.0.5735.199): NameError: name 'prin' is not defined on line 1\nBuild info: version: '4.9.1', revision: 'eb2032df7f'\nSystem info: os.name: 'Windows 11', os.arch: 'amd64', os.version: '10.0', java.version: '17.0.7'\nDriver info: org.openqa.selenium.chrome.ChromeDriver\nCommand: [69ef78cd3f3f38070a3dc937fdd90ad8, findElement {using=xpath, value=//button[text()='Run']}]\nCapabilities {acceptInsecureCerts: false, browserName: chrome, browserVersion: 114.0.5735.199, chrome: {chromedriverVersion: 114.0.5735.90 (386bc09e8f4f..., userDataDir: C:\\Users\\subas\\AppData\\Loca...}, goog:chromeOptions: {debuggerAddress: localhost:52471}, networkConnectionEnabled: false, pageLoadStrategy: normal, platformName: windows, proxy: Proxy(), se:cdp: ws://localhost:52471/devtoo..., se:cdpVersion: 114.0.5735.199, setWindowRect: true, strictFileInteractability: false, timeouts: {implicit: 0, pageLoad: 300000, script: 30000}, unhandledPromptBehavior: dismiss and notify, webauthn:extension:credBlob: true, webauthn:extension:largeBlob: true, webauthn:extension:minPinLength: true, webauthn:extension:prf: true, webauthn:virtualAuthenticators: true}\nSession ID: 69ef78cd3f3f38070a3dc937fdd90ad8","trace":"org.openqa.selenium.UnhandledAlertException: unexpected alert open: {Alert text : NameError: name 'prin' is not defined on line 1}\n  (Session info: chrome=114.0.5735.199): NameError: name 'prin' is not defined on line 1\nBuild info: version: '4.9.1', revision: 'eb2032df7f'\nSystem info: os.name: 'Windows 11', os.arch: 'amd64', os.version: '10.0', java.version: '17.0.7'\nDriver info: org.openqa.selenium.chrome.ChromeDriver\nCommand: [69ef78cd3f3f38070a3dc937fdd90ad8, findElement {using=xpath, value=//button[text()='Run']}]\nCapabilities {acceptInsecureCerts: false, browserName: chrome, browserVersion: 114.0.5735.199, chrome: {chromedriverVersion: 114.0.5735.90 (386bc09e8f4f..., userDataDir: C:\\Users\\subas\\AppData\\Loca...}, goog:chromeOptions: {debuggerAddress: localhost:52471}, networkConnectionEnabled: false, pageLoadStrategy: normal, platformName: windows, proxy: Proxy(), se:cdp: ws://localhost:52471/devtoo..., se:cdpVersion: 114.0.5735.199, setWindowRect: true, strictFileInteractability: false, timeouts: {implicit: 0, pageLoad: 300000, script: 30000}, unhandledPromptBehavior: dismiss and notify, webauthn:extension:credBlob: true, webauthn:extension:largeBlob: true, webauthn:extension:minPinLength: true, webauthn:extension:prf: true, webauthn:virtualAuthenticators: true}\nSession ID: 69ef78cd3f3f38070a3dc937fdd90ad8\r\n\tat org.openqa.selenium.remote.codec.w3c.W3CHttpResponseCodec.decode(W3CHttpResponseCodec.java:131)\r\n\tat org.openqa.selenium.remote.codec.w3c.W3CHttpResponseCodec.decode(W3CHttpResponseCodec.java:53)\r\n\tat org.openqa.selenium.remote.HttpCommandExecutor.execute(HttpCommandExecutor.java:193)\r\n\tat org.openqa.selenium.remote.service.DriverCommandExecutor.invokeExecute(DriverCommandExecutor.java:183)\r\n\tat org.openqa.selenium.remote.service.DriverCommandExecutor.execute(DriverCommandExecutor.java:158)\r\n\tat org.openqa.selenium.remote.RemoteWebDriver.execute(RemoteWebDriver.java:543)\r\n\tat org.openqa.selenium.remote.ElementLocation$ElementFinder$2.findElement(ElementLocation.java:162)\r\n\tat org.openqa.selenium.remote.ElementLocation.findElement(ElementLocation.java:60)\r\n\tat org.openqa.selenium.remote.RemoteWebDriver.findElement(RemoteWebDriver.java:352)\r\n\tat org.openqa.selenium.remote.RemoteWebDriver.findElement(RemoteWebDriver.java:344)\r\n\tat org.openqa.selenium.support.pagefactory.DefaultElementLocator.findElement(DefaultElementLocator.java:70)\r\n\tat org.openqa.selenium.support.pagefactory.internal.LocatingElementHandler.invoke(LocatingElementHandler.java:39)\r\n\tat jdk.proxy2/jdk.proxy2.$Proxy46.isDisplayed(Unknown Source)\r\n\tat org.openqa.selenium.support.ui.ExpectedConditions.elementIfVisible(ExpectedConditions.java:307)\r\n\tat org.openqa.selenium.support.ui.ExpectedConditions.access$000(ExpectedConditions.java:40)\r\n\tat org.openqa.selenium.support.ui.ExpectedConditions$10.apply(ExpectedConditions.java:293)\r\n\tat org.openqa.selenium.support.ui.ExpectedConditions$10.apply(ExpectedConditions.java:290)\r\n\tat org.openqa.selenium.support.ui.FluentWait.until(FluentWait.java:208)\r\n\tat dsAlgo_Utilities.PageUtils.implicit_wait(PageUtils.java:31)\r\n\tat dsAlgo_PageObject.JTreePage.click_run(JTreePage.java:61)\r\n\tat dsAlgo_StepDefinition.JTreePage_SD.the_user_clicks_on_run_button(JTreePage_SD.java:65)\r\n\tat ✽.The user clicks on tree run button(file:///C:/Users/subas/eclipse-workspace-new/Z_DS-Algo_BDDcopy/src/test/resources/Features/JTreePage.feature:71)\r\n"},"stage":"finished","steps":[{"name":"Given  The user is in a \"Terminologies\" tree page having an tryEditor with a Run button to test","status":"passed","statusDetails":{"known":false,"muted":false,"flaky":false},"stage":"finished","steps":[],"attachments":[],"parameters":[],"start":1689300529385,"stop":1689300531548},{"name":"When  The user enter python code with invalid syntax in tree tryEditor from sheet \"array\" and 1","status":"passed","statusDetails":{"known":false,"muted":false,"flaky":false},"stage":"finished","steps":[],"attachments":[],"parameters":[],"start":1689300531550,"stop":1689300539216},{"name":"And  The user clicks on tree run button","status":"broken","statusDetails":{"known":false,"muted":false,"flaky":false,"message":"unexpected alert open: {Alert text : NameError: name 'prin' is not defined on line 1}\n  (Session info: chrome=114.0.5735.199): NameError: name 'prin' is not defined on line 1\nBuild info: version: '4.9.1', revision: 'eb2032df7f'\nSystem info: os.name: 'Windows 11', os.arch: 'amd64', os.version: '10.0', java.version: '17.0.7'\nDriver info: org.openqa.selenium.chrome.ChromeDriver\nCommand: [69ef78cd3f3f38070a3dc937fdd90ad8, findElement {using=xpath, value=//button[text()='Run']}]\nCapabilities {acceptInsecureCerts: false, browserName: chrome, browserVersion: 114.0.5735.199, chrome: {chromedriverVersion: 114.0.5735.90 (386bc09e8f4f..., userDataDir: C:\\Users\\subas\\AppData\\Loca...}, goog:chromeOptions: {debuggerAddress: localhost:52471}, networkConnectionEnabled: false, pageLoadStrategy: normal, platformName: windows, proxy: Proxy(), se:cdp: ws://localhost:52471/devtoo..., se:cdpVersion: 114.0.5735.199, setWindowRect: true, strictFileInteractability: false, timeouts: {implicit: 0, pageLoad: 300000, script: 30000}, unhandledPromptBehavior: dismiss and notify, webauthn:extension:credBlob: true, webauthn:extension:largeBlob: true, webauthn:extension:minPinLength: true, webauthn:extension:prf: true, webauthn:virtualAuthenticators: true}\nSession ID: 69ef78cd3f3f38070a3dc937fdd90ad8","trace":"org.openqa.selenium.UnhandledAlertException: unexpected alert open: {Alert text : NameError: name 'prin' is not defined on line 1}\n  (Session info: chrome=114.0.5735.199): NameError: name 'prin' is not defined on line 1\nBuild info: version: '4.9.1', revision: 'eb2032df7f'\nSystem info: os.name: 'Windows 11', os.arch: 'amd64', os.version: '10.0', java.version: '17.0.7'\nDriver info: org.openqa.selenium.chrome.ChromeDriver\nCommand: [69ef78cd3f3f38070a3dc937fdd90ad8, findElement {using=xpath, value=//button[text()='Run']}]\nCapabilities {acceptInsecureCerts: false, browserName: chrome, browserVersion: 114.0.5735.199, chrome: {chromedriverVersion: 114.0.5735.90 (386bc09e8f4f..., userDataDir: C:\\Users\\subas\\AppData\\Loca...}, goog:chromeOptions: {debuggerAddress: localhost:52471}, networkConnectionEnabled: false, pageLoadStrategy: normal, platformName: windows, proxy: Proxy(), se:cdp: ws://localhost:52471/devtoo..., se:cdpVersion: 114.0.5735.199, setWindowRect: true, strictFileInteractability: false, timeouts: {implicit: 0, pageLoad: 300000, script: 30000}, unhandledPromptBehavior: dismiss and notify, webauthn:extension:credBlob: true, webauthn:extension:largeBlob: true, webauthn:extension:minPinLength: true, webauthn:extension:prf: true, webauthn:virtualAuthenticators: true}\nSession ID: 69ef78cd3f3f38070a3dc937fdd90ad8\r\n\tat org.openqa.selenium.remote.codec.w3c.W3CHttpResponseCodec.decode(W3CHttpResponseCodec.java:131)\r\n\tat org.openqa.selenium.remote.codec.w3c.W3CHttpResponseCodec.decode(W3CHttpResponseCodec.java:53)\r\n\tat org.openqa.selenium.remote.HttpCommandExecutor.execute(HttpCommandExecutor.java:193)\r\n\tat org.openqa.selenium.remote.service.DriverCommandExecutor.invokeExecute(DriverCommandExecutor.java:183)\r\n\tat org.openqa.selenium.remote.service.DriverCommandExecutor.execute(DriverCommandExecutor.java:158)\r\n\tat org.openqa.selenium.remote.RemoteWebDriver.execute(RemoteWebDriver.java:543)\r\n\tat org.openqa.selenium.remote.ElementLocation$ElementFinder$2.findElement(ElementLocation.java:162)\r\n\tat org.openqa.selenium.remote.ElementLocation.findElement(ElementLocation.java:60)\r\n\tat org.openqa.selenium.remote.RemoteWebDriver.findElement(RemoteWebDriver.java:352)\r\n\tat org.openqa.selenium.remote.RemoteWebDriver.findElement(RemoteWebDriver.java:344)\r\n\tat org.openqa.selenium.support.pagefactory.DefaultElementLocator.findElement(DefaultElementLocator.java:70)\r\n\tat org.openqa.selenium.support.pagefactory.internal.LocatingElementHandler.invoke(LocatingElementHandler.java:39)\r\n\tat jdk.proxy2/jdk.proxy2.$Proxy46.isDisplayed(Unknown Source)\r\n\tat org.openqa.selenium.support.ui.ExpectedConditions.elementIfVisible(ExpectedConditions.java:307)\r\n\tat org.openqa.selenium.support.ui.ExpectedConditions.access$000(ExpectedConditions.java:40)\r\n\tat org.openqa.selenium.support.ui.ExpectedConditions$10.apply(ExpectedConditions.java:293)\r\n\tat org.openqa.selenium.support.ui.ExpectedConditions$10.apply(ExpectedConditions.java:290)\r\n\tat org.openqa.selenium.support.ui.FluentWait.until(FluentWait.java:208)\r\n\tat dsAlgo_Utilities.PageUtils.implicit_wait(PageUtils.java:31)\r\n\tat dsAlgo_PageObject.JTreePage.click_run(JTreePage.java:61)\r\n\tat dsAlgo_StepDefinition.JTreePage_SD.the_user_clicks_on_run_button(JTreePage_SD.java:65)\r\n\tat ✽.The user clicks on tree run button(file:///C:/Users/subas/eclipse-workspace-new/Z_DS-Algo_BDDcopy/src/test/resources/Features/JTreePage.feature:71)\r\n"},"stage":"finished","steps":[],"attachments":[],"parameters":[],"start":1689300579017,"stop":1689300579031},{"name":"Then  The user should be presented with error message in tree page","status":"skipped","statusDetails":{"known":false,"muted":false,"flaky":false},"stage":"finished","steps":[],"attachments":[],"parameters":[],"start":1689300579043,"stop":1689300579044}],"attachments":[],"parameters":[{"name":"options","value":"Terminologies"},{"name":"Sheetname","value":"array"},{"name":"RowNumber","value":"1"}],"start":1689300529384,"stop":1689300579045}