<?xml version="1.0" encoding="UTF-8"?>
<!-- Generated by org.testng.reporters.JUnitReportReporter -->
<testsuite hostname="suba-pc" failures="0" tests="367" name="dsAlgo_TestRunner.TestRunner" time="2042.754" errors="24" timestamp="2023-07-13T22:12:16 EDT" skipped="0">
  <testcase classname="dsAlgo_TestRunner.TestRunner" name="runScenario" time="2.223"/>
  <system-out/>
  <testcase classname="dsAlgo_TestRunner.TestRunner" name="runScenario" time="4.708"/>
  <system-out/>
  <testcase classname="dsAlgo_TestRunner.TestRunner" name="runScenario" time="2.476"/>
  <system-out/>
  <testcase classname="dsAlgo_TestRunner.TestRunner" name="runScenario" time="4.301"/>
  <system-out/>
  <testcase classname="dsAlgo_TestRunner.TestRunner" name="runScenario" time="14.119">
    <error message="element not interactable
  (Session info: chrome=114.0.5735.199)
Build info: version: &#039;4.9.1&#039;, revision: &#039;eb2032df7f&#039;
System info: os.name: &#039;Windows 11&#039;, os.arch: &#039;amd64&#039;, os.version: &#039;10.0&#039;, java.version: &#039;17.0.7&#039;
Driver info: org.openqa.selenium.chrome.ChromeDriver
Command: [69ef78cd3f3f38070a3dc937fdd90ad8, sendKeysToElement {id=EF74467B6E96BAA20F5E07691B74F0C1_element_2704, value=[Ljava.lang.CharSequence;@183de5d0}]
Capabilities {acceptInsecureCerts: false, browserName: chrome, browserVersion: 114.0.5735.199, chrome: {chromedriverVersion: 114.0.5735.90 (386bc09e8f4f..., userDataDir: C:\Users\subas\AppData\Loca...}, goog:chromeOptions: {debuggerAddress: localhost:52471}, networkConnectionEnabled: false, pageLoadStrategy: normal, platformName: windows, proxy: Proxy(), se:cdp: ws://localhost:52471/devtoo..., se:cdpVersion: 114.0.5735.199, setWindowRect: true, strictFileInteractability: false, timeouts: {implicit: 0, pageLoad: 300000, script: 30000}, unhandledPromptBehavior: dismiss and notify, webauthn:extension:credBlob: true, webauthn:extension:largeBlob: true, webauthn:extension:minPinLength: true, webauthn:extension:prf: true, webauthn:virtualAuthenticators: true}
Element: [[ChromeDriver: chrome on windows (69ef78cd3f3f38070a3dc937fdd90ad8)] -&gt; xpath: //*[@id=&#039;answer_form&#039;]/div/div/div[1]/textarea]
Session ID: 69ef78cd3f3f38070a3dc937fdd90ad8" type="org.openqa.selenium.ElementNotInteractableException">
      <![CDATA[org.openqa.selenium.ElementNotInteractableException: element not interactable
  (Session info: chrome=114.0.5735.199)
Build info: version: '4.9.1', revision: 'eb2032df7f'
System info: os.name: 'Windows 11', os.arch: 'amd64', os.version: '10.0', java.version: '17.0.7'
Driver info: org.openqa.selenium.chrome.ChromeDriver
Command: [69ef78cd3f3f38070a3dc937fdd90ad8, sendKeysToElement {id=EF74467B6E96BAA20F5E07691B74F0C1_element_2704, value=[Ljava.lang.CharSequence;@183de5d0}]
Capabilities {acceptInsecureCerts: false, browserName: chrome, browserVersion: 114.0.5735.199, chrome: {chromedriverVersion: 114.0.5735.90 (386bc09e8f4f..., userDataDir: C:\Users\subas\AppData\Loca...}, goog:chromeOptions: {debuggerAddress: localhost:52471}, networkConnectionEnabled: false, pageLoadStrategy: normal, platformName: windows, proxy: Proxy(), se:cdp: ws://localhost:52471/devtoo..., se:cdpVersion: 114.0.5735.199, setWindowRect: true, strictFileInteractability: false, timeouts: {implicit: 0, pageLoad: 300000, script: 30000}, unhandledPromptBehavior: dismiss and notify, webauthn:extension:credBlob: true, webauthn:extension:largeBlob: true, webauthn:extension:minPinLength: true, webauthn:extension:prf: true, webauthn:virtualAuthenticators: true}
Element: [[ChromeDriver: chrome on windows (69ef78cd3f3f38070a3dc937fdd90ad8)] -> xpath: //*[@id='answer_form']/div/div/div[1]/textarea]
Session ID: 69ef78cd3f3f38070a3dc937fdd90ad8
at java.base/jdk.internal.reflect.NativeConstructorAccessorImpl.newInstance0(Native Method)
at java.base/jdk.internal.reflect.NativeConstructorAccessorImpl.newInstance(NativeConstructorAccessorImpl.java:77)
at java.base/jdk.internal.reflect.DelegatingConstructorAccessorImpl.newInstance(DelegatingConstructorAccessorImpl.java:45)
at java.base/java.lang.reflect.Constructor.newInstanceWithCaller(Constructor.java:499)
at java.base/java.lang.reflect.Constructor.newInstance(Constructor.java:480)
at org.openqa.selenium.remote.codec.w3c.W3CHttpResponseCodec.createException(W3CHttpResponseCodec.java:200)
at org.openqa.selenium.remote.codec.w3c.W3CHttpResponseCodec.decode(W3CHttpResponseCodec.java:133)
at org.openqa.selenium.remote.codec.w3c.W3CHttpResponseCodec.decode(W3CHttpResponseCodec.java:53)
at org.openqa.selenium.remote.HttpCommandExecutor.execute(HttpCommandExecutor.java:193)
at org.openqa.selenium.remote.service.DriverCommandExecutor.invokeExecute(DriverCommandExecutor.java:183)
at org.openqa.selenium.remote.service.DriverCommandExecutor.execute(DriverCommandExecutor.java:158)
at org.openqa.selenium.remote.RemoteWebDriver.execute(RemoteWebDriver.java:543)
at org.openqa.selenium.remote.RemoteWebElement.execute(RemoteWebElement.java:257)
at org.openqa.selenium.remote.RemoteWebElement.sendKeys(RemoteWebElement.java:113)
at jdk.internal.reflect.GeneratedMethodAccessor213.invoke(Unknown Source)
at java.base/jdk.internal.reflect.DelegatingMethodAccessorImpl.invoke(DelegatingMethodAccessorImpl.java:43)
at java.base/java.lang.reflect.Method.invoke(Method.java:568)
at org.openqa.selenium.support.pagefactory.internal.LocatingElementHandler.invoke(LocatingElementHandler.java:52)
at jdk.proxy2/jdk.proxy2.$Proxy46.sendKeys(Unknown Source)
at dsAlgo_Utilities.PageUtils.entercode(PageUtils.java:45)
at dsAlgo_PageObject.JTreePage.enter_code(JTreePage.java:56)
at dsAlgo_StepDefinition.JTreePage_SD.the_user_enter_valid_python_code_in_stack_try_editor_from_sheet_and(JTreePage_SD.java:61)
at ✽.The user enter valid python code in tree tryEditor from sheet "array" and 0(file:///C:/Users/subas/eclipse-workspace-new/Z_DS-Algo_BDDcopy/src/test/resources/Features/JTreePage.feature:49)
]]>
    </error>
  </testcase> <!-- runScenario -->
  <system-out/>
  <testcase classname="dsAlgo_TestRunner.TestRunner" name="runScenario" time="13.515">
    <error message="element not interactable
  (Session info: chrome=114.0.5735.199)
Build info: version: &#039;4.9.1&#039;, revision: &#039;eb2032df7f&#039;
System info: os.name: &#039;Windows 11&#039;, os.arch: &#039;amd64&#039;, os.version: &#039;10.0&#039;, java.version: &#039;17.0.7&#039;
Driver info: org.openqa.selenium.chrome.ChromeDriver
Command: [69ef78cd3f3f38070a3dc937fdd90ad8, sendKeysToElement {id=7B81F3B85FB78E88466FA14A564CAAB3_element_2872, value=[Ljava.lang.CharSequence;@28b34e77}]
Capabilities {acceptInsecureCerts: false, browserName: chrome, browserVersion: 114.0.5735.199, chrome: {chromedriverVersion: 114.0.5735.90 (386bc09e8f4f..., userDataDir: C:\Users\subas\AppData\Loca...}, goog:chromeOptions: {debuggerAddress: localhost:52471}, networkConnectionEnabled: false, pageLoadStrategy: normal, platformName: windows, proxy: Proxy(), se:cdp: ws://localhost:52471/devtoo..., se:cdpVersion: 114.0.5735.199, setWindowRect: true, strictFileInteractability: false, timeouts: {implicit: 0, pageLoad: 300000, script: 30000}, unhandledPromptBehavior: dismiss and notify, webauthn:extension:credBlob: true, webauthn:extension:largeBlob: true, webauthn:extension:minPinLength: true, webauthn:extension:prf: true, webauthn:virtualAuthenticators: true}
Element: [[ChromeDriver: chrome on windows (69ef78cd3f3f38070a3dc937fdd90ad8)] -&gt; xpath: //*[@id=&#039;answer_form&#039;]/div/div/div[1]/textarea]
Session ID: 69ef78cd3f3f38070a3dc937fdd90ad8" type="org.openqa.selenium.ElementNotInteractableException">
      <![CDATA[org.openqa.selenium.ElementNotInteractableException: element not interactable
  (Session info: chrome=114.0.5735.199)
Build info: version: '4.9.1', revision: 'eb2032df7f'
System info: os.name: 'Windows 11', os.arch: 'amd64', os.version: '10.0', java.version: '17.0.7'
Driver info: org.openqa.selenium.chrome.ChromeDriver
Command: [69ef78cd3f3f38070a3dc937fdd90ad8, sendKeysToElement {id=7B81F3B85FB78E88466FA14A564CAAB3_element_2872, value=[Ljava.lang.CharSequence;@28b34e77}]
Capabilities {acceptInsecureCerts: false, browserName: chrome, browserVersion: 114.0.5735.199, chrome: {chromedriverVersion: 114.0.5735.90 (386bc09e8f4f..., userDataDir: C:\Users\subas\AppData\Loca...}, goog:chromeOptions: {debuggerAddress: localhost:52471}, networkConnectionEnabled: false, pageLoadStrategy: normal, platformName: windows, proxy: Proxy(), se:cdp: ws://localhost:52471/devtoo..., se:cdpVersion: 114.0.5735.199, setWindowRect: true, strictFileInteractability: false, timeouts: {implicit: 0, pageLoad: 300000, script: 30000}, unhandledPromptBehavior: dismiss and notify, webauthn:extension:credBlob: true, webauthn:extension:largeBlob: true, webauthn:extension:minPinLength: true, webauthn:extension:prf: true, webauthn:virtualAuthenticators: true}
Element: [[ChromeDriver: chrome on windows (69ef78cd3f3f38070a3dc937fdd90ad8)] -> xpath: //*[@id='answer_form']/div/div/div[1]/textarea]
Session ID: 69ef78cd3f3f38070a3dc937fdd90ad8
at java.base/jdk.internal.reflect.NativeConstructorAccessorImpl.newInstance0(Native Method)
at java.base/jdk.internal.reflect.NativeConstructorAccessorImpl.newInstance(NativeConstructorAccessorImpl.java:77)
at java.base/jdk.internal.reflect.DelegatingConstructorAccessorImpl.newInstance(DelegatingConstructorAccessorImpl.java:45)
at java.base/java.lang.reflect.Constructor.newInstanceWithCaller(Constructor.java:499)
at java.base/java.lang.reflect.Constructor.newInstance(Constructor.java:480)
at org.openqa.selenium.remote.codec.w3c.W3CHttpResponseCodec.createException(W3CHttpResponseCodec.java:200)
at org.openqa.selenium.remote.codec.w3c.W3CHttpResponseCodec.decode(W3CHttpResponseCodec.java:133)
at org.openqa.selenium.remote.codec.w3c.W3CHttpResponseCodec.decode(W3CHttpResponseCodec.java:53)
at org.openqa.selenium.remote.HttpCommandExecutor.execute(HttpCommandExecutor.java:193)
at org.openqa.selenium.remote.service.DriverCommandExecutor.invokeExecute(DriverCommandExecutor.java:183)
at org.openqa.selenium.remote.service.DriverCommandExecutor.execute(DriverCommandExecutor.java:158)
at org.openqa.selenium.remote.RemoteWebDriver.execute(RemoteWebDriver.java:543)
at org.openqa.selenium.remote.RemoteWebElement.execute(RemoteWebElement.java:257)
at org.openqa.selenium.remote.RemoteWebElement.sendKeys(RemoteWebElement.java:113)
at jdk.internal.reflect.GeneratedMethodAccessor213.invoke(Unknown Source)
at java.base/jdk.internal.reflect.DelegatingMethodAccessorImpl.invoke(DelegatingMethodAccessorImpl.java:43)
at java.base/java.lang.reflect.Method.invoke(Method.java:568)
at org.openqa.selenium.support.pagefactory.internal.LocatingElementHandler.invoke(LocatingElementHandler.java:52)
at jdk.proxy2/jdk.proxy2.$Proxy46.sendKeys(Unknown Source)
at dsAlgo_Utilities.PageUtils.entercode(PageUtils.java:45)
at dsAlgo_PageObject.JTreePage.enter_code(JTreePage.java:56)
at dsAlgo_StepDefinition.JTreePage_SD.the_user_enter_valid_python_code_in_stack_try_editor_from_sheet_and(JTreePage_SD.java:61)
at ✽.The user enter valid python code in tree tryEditor from sheet "array" and 0(file:///C:/Users/subas/eclipse-workspace-new/Z_DS-Algo_BDDcopy/src/test/resources/Features/JTreePage.feature:49)
]]>
    </error>
  </testcase> <!-- runScenario -->
  <system-out/>
  <testcase classname="dsAlgo_TestRunner.TestRunner" name="runScenario" time="11.210"/>
  <system-out/>
  <testcase classname="dsAlgo_TestRunner.TestRunner" name="runScenario" time="1.952"/>
  <system-out/>
  <testcase classname="dsAlgo_TestRunner.TestRunner" name="runScenario" time="9.178"/>
  <system-out/>
  <testcase classname="dsAlgo_TestRunner.TestRunner" name="runScenario" time="4.992"/>
  <system-out/>
  <testcase classname="dsAlgo_TestRunner.TestRunner" name="runScenario" time="2.308"/>
  <system-out/>
  <testcase classname="dsAlgo_TestRunner.TestRunner" name="runScenario" time="3.351"/>
  <system-out/>
  <testcase classname="dsAlgo_TestRunner.TestRunner" name="runScenario" time="7.792"/>
  <system-out/>
  <testcase classname="dsAlgo_TestRunner.TestRunner" name="runScenario" time="12.319"/>
  <system-out/>
  <testcase classname="dsAlgo_TestRunner.TestRunner" name="runScenario" time="16.960"/>
  <system-out/>
  <testcase classname="dsAlgo_TestRunner.TestRunner" name="runScenario" time="7.650"/>
  <system-out/>
  <testcase classname="dsAlgo_TestRunner.TestRunner" name="runScenario" time="5.857"/>
  <system-out/>
  <testcase classname="dsAlgo_TestRunner.TestRunner" name="runScenario" time="1.975"/>
  <system-out/>
  <testcase classname="dsAlgo_TestRunner.TestRunner" name="runScenario" time="3.207"/>
  <system-out/>
  <testcase classname="dsAlgo_TestRunner.TestRunner" name="runScenario" time="2.220"/>
  <system-out/>
  <testcase classname="dsAlgo_TestRunner.TestRunner" name="runScenario" time="2.527"/>
  <system-out/>
  <testcase classname="dsAlgo_TestRunner.TestRunner" name="runScenario" time="8.185"/>
  <system-out/>
  <testcase classname="dsAlgo_TestRunner.TestRunner" name="runScenario" time="1.559"/>
  <system-out/>
  <testcase classname="dsAlgo_TestRunner.TestRunner" name="runScenario" time="4.092"/>
  <system-out/>
  <testcase classname="dsAlgo_TestRunner.TestRunner" name="runScenario" time="14.067"/>
  <system-out/>
  <testcase classname="dsAlgo_TestRunner.TestRunner" name="runScenario" time="1.925"/>
  <system-out/>
  <testcase classname="dsAlgo_TestRunner.TestRunner" name="runScenario" time="7.077"/>
  <system-out/>
  <testcase classname="dsAlgo_TestRunner.TestRunner" name="runScenario" time="3.195"/>
  <system-out/>
  <testcase classname="dsAlgo_TestRunner.TestRunner" name="runScenario" time="2.802"/>
  <system-out/>
  <testcase classname="dsAlgo_TestRunner.TestRunner" name="runScenario" time="2.289"/>
  <system-out/>
  <testcase classname="dsAlgo_TestRunner.TestRunner" name="runScenario" time="3.865"/>
  <system-out/>
  <testcase classname="dsAlgo_TestRunner.TestRunner" name="runScenario" time="2.796"/>
  <system-out/>
  <testcase classname="dsAlgo_TestRunner.TestRunner" name="runScenario" time="9.312"/>
  <system-out/>
  <testcase classname="dsAlgo_TestRunner.TestRunner" name="runScenario" time="2.211"/>
  <system-out/>
  <testcase classname="dsAlgo_TestRunner.TestRunner" name="runScenario" time="4.105"/>
  <system-out/>
  <testcase classname="dsAlgo_TestRunner.TestRunner" name="runScenario" time="3.100"/>
  <system-out/>
  <testcase classname="dsAlgo_TestRunner.TestRunner" name="runScenario" time="14.056">
    <error message="element not interactable
  (Session info: chrome=114.0.5735.199)
Build info: version: &#039;4.9.1&#039;, revision: &#039;eb2032df7f&#039;
System info: os.name: &#039;Windows 11&#039;, os.arch: &#039;amd64&#039;, os.version: &#039;10.0&#039;, java.version: &#039;17.0.7&#039;
Driver info: org.openqa.selenium.chrome.ChromeDriver
Command: [69ef78cd3f3f38070a3dc937fdd90ad8, sendKeysToElement {id=702BC2829E3062EF87D4ACC4E7079180_element_2802, value=[Ljava.lang.CharSequence;@665130a9}]
Capabilities {acceptInsecureCerts: false, browserName: chrome, browserVersion: 114.0.5735.199, chrome: {chromedriverVersion: 114.0.5735.90 (386bc09e8f4f..., userDataDir: C:\Users\subas\AppData\Loca...}, goog:chromeOptions: {debuggerAddress: localhost:52471}, networkConnectionEnabled: false, pageLoadStrategy: normal, platformName: windows, proxy: Proxy(), se:cdp: ws://localhost:52471/devtoo..., se:cdpVersion: 114.0.5735.199, setWindowRect: true, strictFileInteractability: false, timeouts: {implicit: 0, pageLoad: 300000, script: 30000}, unhandledPromptBehavior: dismiss and notify, webauthn:extension:credBlob: true, webauthn:extension:largeBlob: true, webauthn:extension:minPinLength: true, webauthn:extension:prf: true, webauthn:virtualAuthenticators: true}
Element: [[ChromeDriver: chrome on windows (69ef78cd3f3f38070a3dc937fdd90ad8)] -&gt; xpath: //*[@id=&#039;answer_form&#039;]/div/div/div[1]/textarea]
Session ID: 69ef78cd3f3f38070a3dc937fdd90ad8" type="org.openqa.selenium.ElementNotInteractableException">
      <![CDATA[org.openqa.selenium.ElementNotInteractableException: element not interactable
  (Session info: chrome=114.0.5735.199)
Build info: version: '4.9.1', revision: 'eb2032df7f'
System info: os.name: 'Windows 11', os.arch: 'amd64', os.version: '10.0', java.version: '17.0.7'
Driver info: org.openqa.selenium.chrome.ChromeDriver
Command: [69ef78cd3f3f38070a3dc937fdd90ad8, sendKeysToElement {id=702BC2829E3062EF87D4ACC4E7079180_element_2802, value=[Ljava.lang.CharSequence;@665130a9}]
Capabilities {acceptInsecureCerts: false, browserName: chrome, browserVersion: 114.0.5735.199, chrome: {chromedriverVersion: 114.0.5735.90 (386bc09e8f4f..., userDataDir: C:\Users\subas\AppData\Loca...}, goog:chromeOptions: {debuggerAddress: localhost:52471}, networkConnectionEnabled: false, pageLoadStrategy: normal, platformName: windows, proxy: Proxy(), se:cdp: ws://localhost:52471/devtoo..., se:cdpVersion: 114.0.5735.199, setWindowRect: true, strictFileInteractability: false, timeouts: {implicit: 0, pageLoad: 300000, script: 30000}, unhandledPromptBehavior: dismiss and notify, webauthn:extension:credBlob: true, webauthn:extension:largeBlob: true, webauthn:extension:minPinLength: true, webauthn:extension:prf: true, webauthn:virtualAuthenticators: true}
Element: [[ChromeDriver: chrome on windows (69ef78cd3f3f38070a3dc937fdd90ad8)] -> xpath: //*[@id='answer_form']/div/div/div[1]/textarea]
Session ID: 69ef78cd3f3f38070a3dc937fdd90ad8
at java.base/jdk.internal.reflect.NativeConstructorAccessorImpl.newInstance0(Native Method)
at java.base/jdk.internal.reflect.NativeConstructorAccessorImpl.newInstance(NativeConstructorAccessorImpl.java:77)
at java.base/jdk.internal.reflect.DelegatingConstructorAccessorImpl.newInstance(DelegatingConstructorAccessorImpl.java:45)
at java.base/java.lang.reflect.Constructor.newInstanceWithCaller(Constructor.java:499)
at java.base/java.lang.reflect.Constructor.newInstance(Constructor.java:480)
at org.openqa.selenium.remote.codec.w3c.W3CHttpResponseCodec.createException(W3CHttpResponseCodec.java:200)
at org.openqa.selenium.remote.codec.w3c.W3CHttpResponseCodec.decode(W3CHttpResponseCodec.java:133)
at org.openqa.selenium.remote.codec.w3c.W3CHttpResponseCodec.decode(W3CHttpResponseCodec.java:53)
at org.openqa.selenium.remote.HttpCommandExecutor.execute(HttpCommandExecutor.java:193)
at org.openqa.selenium.remote.service.DriverCommandExecutor.invokeExecute(DriverCommandExecutor.java:183)
at org.openqa.selenium.remote.service.DriverCommandExecutor.execute(DriverCommandExecutor.java:158)
at org.openqa.selenium.remote.RemoteWebDriver.execute(RemoteWebDriver.java:543)
at org.openqa.selenium.remote.RemoteWebElement.execute(RemoteWebElement.java:257)
at org.openqa.selenium.remote.RemoteWebElement.sendKeys(RemoteWebElement.java:113)
at jdk.internal.reflect.GeneratedMethodAccessor213.invoke(Unknown Source)
at java.base/jdk.internal.reflect.DelegatingMethodAccessorImpl.invoke(DelegatingMethodAccessorImpl.java:43)
at java.base/java.lang.reflect.Method.invoke(Method.java:568)
at org.openqa.selenium.support.pagefactory.internal.LocatingElementHandler.invoke(LocatingElementHandler.java:52)
at jdk.proxy2/jdk.proxy2.$Proxy46.sendKeys(Unknown Source)
at dsAlgo_Utilities.PageUtils.entercode(PageUtils.java:45)
at dsAlgo_PageObject.JTreePage.enter_code(JTreePage.java:56)
at dsAlgo_StepDefinition.JTreePage_SD.the_user_enter_valid_python_code_in_stack_try_editor_from_sheet_and(JTreePage_SD.java:61)
at ✽.The user enter valid python code in tree tryEditor from sheet "array" and 0(file:///C:/Users/subas/eclipse-workspace-new/Z_DS-Algo_BDDcopy/src/test/resources/Features/JTreePage.feature:49)
]]>
    </error>
  </testcase> <!-- runScenario -->
  <system-out/>
  <testcase classname="dsAlgo_TestRunner.TestRunner" name="runScenario" time="4.475"/>
  <system-out/>
  <testcase classname="dsAlgo_TestRunner.TestRunner" name="runScenario" time="15.519">
    <error message="element not interactable
  (Session info: chrome=114.0.5735.199)
Build info: version: &#039;4.9.1&#039;, revision: &#039;eb2032df7f&#039;
System info: os.name: &#039;Windows 11&#039;, os.arch: &#039;amd64&#039;, os.version: &#039;10.0&#039;, java.version: &#039;17.0.7&#039;
Driver info: org.openqa.selenium.chrome.ChromeDriver
Command: [69ef78cd3f3f38070a3dc937fdd90ad8, sendKeysToElement {id=BD2428B9751D2BD8227771C0380C1034_element_648, value=[Ljava.lang.CharSequence;@2c820897}]
Capabilities {acceptInsecureCerts: false, browserName: chrome, browserVersion: 114.0.5735.199, chrome: {chromedriverVersion: 114.0.5735.90 (386bc09e8f4f..., userDataDir: C:\Users\subas\AppData\Loca...}, goog:chromeOptions: {debuggerAddress: localhost:52471}, networkConnectionEnabled: false, pageLoadStrategy: normal, platformName: windows, proxy: Proxy(), se:cdp: ws://localhost:52471/devtoo..., se:cdpVersion: 114.0.5735.199, setWindowRect: true, strictFileInteractability: false, timeouts: {implicit: 0, pageLoad: 300000, script: 30000}, unhandledPromptBehavior: dismiss and notify, webauthn:extension:credBlob: true, webauthn:extension:largeBlob: true, webauthn:extension:minPinLength: true, webauthn:extension:prf: true, webauthn:virtualAuthenticators: true}
Element: [[ChromeDriver: chrome on windows (69ef78cd3f3f38070a3dc937fdd90ad8)] -&gt; xpath: //*[@id=&#039;answer_form&#039;]/div/div/div[1]/textarea]
Session ID: 69ef78cd3f3f38070a3dc937fdd90ad8" type="org.openqa.selenium.ElementNotInteractableException">
      <![CDATA[org.openqa.selenium.ElementNotInteractableException: element not interactable
  (Session info: chrome=114.0.5735.199)
Build info: version: '4.9.1', revision: 'eb2032df7f'
System info: os.name: 'Windows 11', os.arch: 'amd64', os.version: '10.0', java.version: '17.0.7'
Driver info: org.openqa.selenium.chrome.ChromeDriver
Command: [69ef78cd3f3f38070a3dc937fdd90ad8, sendKeysToElement {id=BD2428B9751D2BD8227771C0380C1034_element_648, value=[Ljava.lang.CharSequence;@2c820897}]
Capabilities {acceptInsecureCerts: false, browserName: chrome, browserVersion: 114.0.5735.199, chrome: {chromedriverVersion: 114.0.5735.90 (386bc09e8f4f..., userDataDir: C:\Users\subas\AppData\Loca...}, goog:chromeOptions: {debuggerAddress: localhost:52471}, networkConnectionEnabled: false, pageLoadStrategy: normal, platformName: windows, proxy: Proxy(), se:cdp: ws://localhost:52471/devtoo..., se:cdpVersion: 114.0.5735.199, setWindowRect: true, strictFileInteractability: false, timeouts: {implicit: 0, pageLoad: 300000, script: 30000}, unhandledPromptBehavior: dismiss and notify, webauthn:extension:credBlob: true, webauthn:extension:largeBlob: true, webauthn:extension:minPinLength: true, webauthn:extension:prf: true, webauthn:virtualAuthenticators: true}
Element: [[ChromeDriver: chrome on windows (69ef78cd3f3f38070a3dc937fdd90ad8)] -> xpath: //*[@id='answer_form']/div/div/div[1]/textarea]
Session ID: 69ef78cd3f3f38070a3dc937fdd90ad8
at java.base/jdk.internal.reflect.NativeConstructorAccessorImpl.newInstance0(Native Method)
at java.base/jdk.internal.reflect.NativeConstructorAccessorImpl.newInstance(NativeConstructorAccessorImpl.java:77)
at java.base/jdk.internal.reflect.DelegatingConstructorAccessorImpl.newInstance(DelegatingConstructorAccessorImpl.java:45)
at java.base/java.lang.reflect.Constructor.newInstanceWithCaller(Constructor.java:499)
at java.base/java.lang.reflect.Constructor.newInstance(Constructor.java:480)
at org.openqa.selenium.remote.codec.w3c.W3CHttpResponseCodec.createException(W3CHttpResponseCodec.java:200)
at org.openqa.selenium.remote.codec.w3c.W3CHttpResponseCodec.decode(W3CHttpResponseCodec.java:133)
at org.openqa.selenium.remote.codec.w3c.W3CHttpResponseCodec.decode(W3CHttpResponseCodec.java:53)
at org.openqa.selenium.remote.HttpCommandExecutor.execute(HttpCommandExecutor.java:193)
at org.openqa.selenium.remote.service.DriverCommandExecutor.invokeExecute(DriverCommandExecutor.java:183)
at org.openqa.selenium.remote.service.DriverCommandExecutor.execute(DriverCommandExecutor.java:158)
at org.openqa.selenium.remote.RemoteWebDriver.execute(RemoteWebDriver.java:543)
at org.openqa.selenium.remote.RemoteWebElement.execute(RemoteWebElement.java:257)
at org.openqa.selenium.remote.RemoteWebElement.sendKeys(RemoteWebElement.java:113)
at jdk.internal.reflect.GeneratedMethodAccessor213.invoke(Unknown Source)
at java.base/jdk.internal.reflect.DelegatingMethodAccessorImpl.invoke(DelegatingMethodAccessorImpl.java:43)
at java.base/java.lang.reflect.Method.invoke(Method.java:568)
at org.openqa.selenium.support.pagefactory.internal.LocatingElementHandler.invoke(LocatingElementHandler.java:52)
at jdk.proxy2/jdk.proxy2.$Proxy46.sendKeys(Unknown Source)
at dsAlgo_Utilities.PageUtils.entercode(PageUtils.java:45)
at dsAlgo_PageObject.FArrayPage.enter_code(FArrayPage.java:59)
at dsAlgo_StepDefinition.FArrayPage_SD.the_user_enter_valid_python_code_in_try_editor_from_sheet_and(FArrayPage_SD.java:65)
at ✽.The user enter valid python code in tryEditor from sheet "array" and 0(file:///C:/Users/subas/eclipse-workspace-new/Z_DS-Algo_BDDcopy/src/test/resources/Features/FArrayPage.feature:30)
]]>
    </error>
  </testcase> <!-- runScenario -->
  <system-out/>
  <testcase classname="dsAlgo_TestRunner.TestRunner" name="runScenario" time="0.507"/>
  <system-out/>
  <testcase classname="dsAlgo_TestRunner.TestRunner" name="runScenario" time="1.809"/>
  <system-out/>
  <testcase classname="dsAlgo_TestRunner.TestRunner" name="runScenario" time="5.535"/>
  <system-out/>
  <testcase classname="dsAlgo_TestRunner.TestRunner" name="runScenario" time="0.929"/>
  <system-out/>
  <testcase classname="dsAlgo_TestRunner.TestRunner" name="runScenario" time="1.543"/>
  <system-out/>
  <testcase classname="dsAlgo_TestRunner.TestRunner" name="runScenario" time="4.237"/>
  <system-out/>
  <testcase classname="dsAlgo_TestRunner.TestRunner" name="runScenario" time="4.382"/>
  <system-out/>
  <testcase classname="dsAlgo_TestRunner.TestRunner" name="runScenario" time="2.731"/>
  <system-out/>
  <testcase classname="dsAlgo_TestRunner.TestRunner" name="runScenario" time="1.161"/>
  <system-out/>
  <testcase classname="dsAlgo_TestRunner.TestRunner" name="runScenario" time="6.972"/>
  <system-out/>
  <testcase classname="dsAlgo_TestRunner.TestRunner" name="runScenario" time="3.686"/>
  <system-out/>
  <testcase classname="dsAlgo_TestRunner.TestRunner" name="runScenario" time="2.830"/>
  <system-out/>
  <testcase classname="dsAlgo_TestRunner.TestRunner" name="runScenario" time="2.976"/>
  <system-out/>
  <testcase classname="dsAlgo_TestRunner.TestRunner" name="runScenario" time="4.795"/>
  <system-out/>
  <testcase classname="dsAlgo_TestRunner.TestRunner" name="runScenario" time="4.753"/>
  <system-out/>
  <testcase classname="dsAlgo_TestRunner.TestRunner" name="runScenario" time="5.115"/>
  <system-out/>
  <testcase classname="dsAlgo_TestRunner.TestRunner" name="runScenario" time="0.561"/>
  <system-out/>
  <testcase classname="dsAlgo_TestRunner.TestRunner" name="runScenario" time="3.304"/>
  <system-out/>
  <testcase classname="dsAlgo_TestRunner.TestRunner" name="runScenario" time="2.787"/>
  <system-out/>
  <testcase classname="dsAlgo_TestRunner.TestRunner" name="runScenario" time="7.974"/>
  <system-out/>
  <testcase classname="dsAlgo_TestRunner.TestRunner" name="runScenario" time="3.871"/>
  <system-out/>
  <testcase classname="dsAlgo_TestRunner.TestRunner" name="runScenario" time="4.078"/>
  <system-out/>
  <testcase classname="dsAlgo_TestRunner.TestRunner" name="runScenario" time="1.670"/>
  <system-out/>
  <testcase classname="dsAlgo_TestRunner.TestRunner" name="runScenario" time="5.171"/>
  <system-out/>
  <testcase classname="dsAlgo_TestRunner.TestRunner" name="runScenario" time="11.348"/>
  <system-out/>
  <testcase classname="dsAlgo_TestRunner.TestRunner" name="runScenario" time="2.963"/>
  <system-out/>
  <testcase classname="dsAlgo_TestRunner.TestRunner" name="runScenario" time="4.429"/>
  <system-out/>
  <testcase classname="dsAlgo_TestRunner.TestRunner" name="runScenario" time="4.401"/>
  <system-out/>
  <testcase classname="dsAlgo_TestRunner.TestRunner" name="runScenario" time="2.727"/>
  <system-out/>
  <testcase classname="dsAlgo_TestRunner.TestRunner" name="runScenario" time="3.399"/>
  <system-out/>
  <testcase classname="dsAlgo_TestRunner.TestRunner" name="runScenario" time="13.691"/>
  <system-out/>
  <testcase classname="dsAlgo_TestRunner.TestRunner" name="runScenario" time="1.085"/>
  <system-out/>
  <testcase classname="dsAlgo_TestRunner.TestRunner" name="runScenario" time="3.432"/>
  <system-out/>
  <testcase classname="dsAlgo_TestRunner.TestRunner" name="runScenario" time="9.750"/>
  <system-out/>
  <testcase classname="dsAlgo_TestRunner.TestRunner" name="runScenario" time="5.698"/>
  <system-out/>
  <testcase classname="dsAlgo_TestRunner.TestRunner" name="runScenario" time="6.243"/>
  <system-out/>
  <testcase classname="dsAlgo_TestRunner.TestRunner" name="runScenario" time="3.264"/>
  <system-out/>
  <testcase classname="dsAlgo_TestRunner.TestRunner" name="runScenario" time="5.855"/>
  <system-out/>
  <testcase classname="dsAlgo_TestRunner.TestRunner" name="runScenario" time="4.357"/>
  <system-out/>
  <testcase classname="dsAlgo_TestRunner.TestRunner" name="runScenario" time="3.034"/>
  <system-out/>
  <testcase classname="dsAlgo_TestRunner.TestRunner" name="runScenario" time="6.885"/>
  <system-out/>
  <testcase classname="dsAlgo_TestRunner.TestRunner" name="runScenario" time="3.812"/>
  <system-out/>
  <testcase classname="dsAlgo_TestRunner.TestRunner" name="runScenario" time="11.978"/>
  <system-out/>
  <testcase classname="dsAlgo_TestRunner.TestRunner" name="runScenario" time="9.415"/>
  <system-out/>
  <testcase classname="dsAlgo_TestRunner.TestRunner" name="runScenario" time="4.721"/>
  <system-out/>
  <testcase classname="dsAlgo_TestRunner.TestRunner" name="runScenario" time="1.759"/>
  <system-out/>
  <testcase classname="dsAlgo_TestRunner.TestRunner" name="runScenario" time="5.716"/>
  <system-out/>
  <testcase classname="dsAlgo_TestRunner.TestRunner" name="runScenario" time="13.537"/>
  <system-out/>
  <testcase classname="dsAlgo_TestRunner.TestRunner" name="runScenario" time="5.067"/>
  <system-out/>
  <testcase classname="dsAlgo_TestRunner.TestRunner" name="runScenario" time="6.950"/>
  <system-out/>
  <testcase classname="dsAlgo_TestRunner.TestRunner" name="runScenario" time="4.106"/>
  <system-out/>
  <testcase classname="dsAlgo_TestRunner.TestRunner" name="runScenario" time="2.730"/>
  <system-out/>
  <testcase classname="dsAlgo_TestRunner.TestRunner" name="runScenario" time="3.225"/>
  <system-out/>
  <testcase classname="dsAlgo_TestRunner.TestRunner" name="tearDownClass" time="51.591">
    <error message="invalid session id
Build info: version: &#039;4.9.1&#039;, revision: &#039;eb2032df7f&#039;
System info: os.name: &#039;Windows 11&#039;, os.arch: &#039;amd64&#039;, os.version: &#039;10.0&#039;, java.version: &#039;17.0.7&#039;
Driver info: org.openqa.selenium.edge.EdgeDriver
Command: [608e666af3cf85172867383e2e19e11b, close {}]
Capabilities {acceptInsecureCerts: false, browserName: msedge, browserVersion: 114.0.1823.79, ms:edgeOptions: {debuggerAddress: localhost:52480}, msedge: {msedgedriverVersion: 114.0.1823.79 (c0c722a9579e..., userDataDir: C:\Users\subas\AppData\Loca...}, networkConnectionEnabled: false, pageLoadStrategy: normal, platformName: windows, proxy: Proxy(), se:cdp: ws://localhost:52480/devtoo..., se:cdpVersion: 114.0.1823.79, setWindowRect: true, strictFileInteractability: false, timeouts: {implicit: 0, pageLoad: 300000, script: 30000}, unhandledPromptBehavior: dismiss and notify, webauthn:extension:credBlob: true, webauthn:extension:largeBlob: true, webauthn:extension:minPinLength: true, webauthn:extension:prf: true, webauthn:virtualAuthenticators: true}
Session ID: 608e666af3cf85172867383e2e19e11b" type="org.openqa.selenium.NoSuchSessionException">
      <![CDATA[org.openqa.selenium.NoSuchSessionException: invalid session id
Build info: version: '4.9.1', revision: 'eb2032df7f'
System info: os.name: 'Windows 11', os.arch: 'amd64', os.version: '10.0', java.version: '17.0.7'
Driver info: org.openqa.selenium.edge.EdgeDriver
Command: [608e666af3cf85172867383e2e19e11b, close {}]
Capabilities {acceptInsecureCerts: false, browserName: msedge, browserVersion: 114.0.1823.79, ms:edgeOptions: {debuggerAddress: localhost:52480}, msedge: {msedgedriverVersion: 114.0.1823.79 (c0c722a9579e..., userDataDir: C:\Users\subas\AppData\Loca...}, networkConnectionEnabled: false, pageLoadStrategy: normal, platformName: windows, proxy: Proxy(), se:cdp: ws://localhost:52480/devtoo..., se:cdpVersion: 114.0.1823.79, setWindowRect: true, strictFileInteractability: false, timeouts: {implicit: 0, pageLoad: 300000, script: 30000}, unhandledPromptBehavior: dismiss and notify, webauthn:extension:credBlob: true, webauthn:extension:largeBlob: true, webauthn:extension:minPinLength: true, webauthn:extension:prf: true, webauthn:virtualAuthenticators: true}
Session ID: 608e666af3cf85172867383e2e19e11b
at java.base/jdk.internal.reflect.NativeConstructorAccessorImpl.newInstance0(Native Method)
at java.base/jdk.internal.reflect.NativeConstructorAccessorImpl.newInstance(NativeConstructorAccessorImpl.java:77)
at java.base/jdk.internal.reflect.DelegatingConstructorAccessorImpl.newInstance(DelegatingConstructorAccessorImpl.java:45)
at java.base/java.lang.reflect.Constructor.newInstanceWithCaller(Constructor.java:499)
at java.base/java.lang.reflect.Constructor.newInstance(Constructor.java:480)
at org.openqa.selenium.remote.codec.w3c.W3CHttpResponseCodec.createException(W3CHttpResponseCodec.java:200)
at org.openqa.selenium.remote.codec.w3c.W3CHttpResponseCodec.decode(W3CHttpResponseCodec.java:133)
at org.openqa.selenium.remote.codec.w3c.W3CHttpResponseCodec.decode(W3CHttpResponseCodec.java:53)
at org.openqa.selenium.remote.HttpCommandExecutor.execute(HttpCommandExecutor.java:193)
at org.openqa.selenium.remote.service.DriverCommandExecutor.invokeExecute(DriverCommandExecutor.java:183)
at org.openqa.selenium.remote.service.DriverCommandExecutor.execute(DriverCommandExecutor.java:158)
at org.openqa.selenium.remote.RemoteWebDriver.execute(RemoteWebDriver.java:543)
at org.openqa.selenium.remote.RemoteWebDriver.execute(RemoteWebDriver.java:598)
at org.openqa.selenium.remote.RemoteWebDriver.execute(RemoteWebDriver.java:602)
at org.openqa.selenium.remote.RemoteWebDriver.close(RemoteWebDriver.java:419)
at hooks.Hooks.quitBrowser(Hooks.java:69)
]]>
    </error>
  </testcase> <!-- tearDownClass -->
  <system-out/>
  <testcase classname="dsAlgo_TestRunner.TestRunner" name="runScenario" time="2.923"/>
  <system-out/>
  <testcase classname="dsAlgo_TestRunner.TestRunner" name="runScenario" time="3.647"/>
  <system-out/>
  <testcase classname="dsAlgo_TestRunner.TestRunner" name="runScenario" time="2.903"/>
  <system-out/>
  <testcase classname="dsAlgo_TestRunner.TestRunner" name="runScenario" time="2.455"/>
  <system-out/>
  <testcase classname="dsAlgo_TestRunner.TestRunner" name="runScenario" time="8.113"/>
  <system-out/>
  <testcase classname="dsAlgo_TestRunner.TestRunner" name="runScenario" time="7.996"/>
  <system-out/>
  <testcase classname="dsAlgo_TestRunner.TestRunner" name="runScenario" time="13.670">
    <error message="element not interactable
  (Session info: chrome=114.0.5735.199)
Build info: version: &#039;4.9.1&#039;, revision: &#039;eb2032df7f&#039;
System info: os.name: &#039;Windows 11&#039;, os.arch: &#039;amd64&#039;, os.version: &#039;10.0&#039;, java.version: &#039;17.0.7&#039;
Driver info: org.openqa.selenium.chrome.ChromeDriver
Command: [69ef78cd3f3f38070a3dc937fdd90ad8, sendKeysToElement {id=3852537CEE32551D20F67A198D03AC9C_element_2920, value=[Ljava.lang.CharSequence;@33c14ae2}]
Capabilities {acceptInsecureCerts: false, browserName: chrome, browserVersion: 114.0.5735.199, chrome: {chromedriverVersion: 114.0.5735.90 (386bc09e8f4f..., userDataDir: C:\Users\subas\AppData\Loca...}, goog:chromeOptions: {debuggerAddress: localhost:52471}, networkConnectionEnabled: false, pageLoadStrategy: normal, platformName: windows, proxy: Proxy(), se:cdp: ws://localhost:52471/devtoo..., se:cdpVersion: 114.0.5735.199, setWindowRect: true, strictFileInteractability: false, timeouts: {implicit: 0, pageLoad: 300000, script: 30000}, unhandledPromptBehavior: dismiss and notify, webauthn:extension:credBlob: true, webauthn:extension:largeBlob: true, webauthn:extension:minPinLength: true, webauthn:extension:prf: true, webauthn:virtualAuthenticators: true}
Element: [[ChromeDriver: chrome on windows (69ef78cd3f3f38070a3dc937fdd90ad8)] -&gt; xpath: //*[@id=&#039;answer_form&#039;]/div/div/div[1]/textarea]
Session ID: 69ef78cd3f3f38070a3dc937fdd90ad8" type="org.openqa.selenium.ElementNotInteractableException">
      <![CDATA[org.openqa.selenium.ElementNotInteractableException: element not interactable
  (Session info: chrome=114.0.5735.199)
Build info: version: '4.9.1', revision: 'eb2032df7f'
System info: os.name: 'Windows 11', os.arch: 'amd64', os.version: '10.0', java.version: '17.0.7'
Driver info: org.openqa.selenium.chrome.ChromeDriver
Command: [69ef78cd3f3f38070a3dc937fdd90ad8, sendKeysToElement {id=3852537CEE32551D20F67A198D03AC9C_element_2920, value=[Ljava.lang.CharSequence;@33c14ae2}]
Capabilities {acceptInsecureCerts: false, browserName: chrome, browserVersion: 114.0.5735.199, chrome: {chromedriverVersion: 114.0.5735.90 (386bc09e8f4f..., userDataDir: C:\Users\subas\AppData\Loca...}, goog:chromeOptions: {debuggerAddress: localhost:52471}, networkConnectionEnabled: false, pageLoadStrategy: normal, platformName: windows, proxy: Proxy(), se:cdp: ws://localhost:52471/devtoo..., se:cdpVersion: 114.0.5735.199, setWindowRect: true, strictFileInteractability: false, timeouts: {implicit: 0, pageLoad: 300000, script: 30000}, unhandledPromptBehavior: dismiss and notify, webauthn:extension:credBlob: true, webauthn:extension:largeBlob: true, webauthn:extension:minPinLength: true, webauthn:extension:prf: true, webauthn:virtualAuthenticators: true}
Element: [[ChromeDriver: chrome on windows (69ef78cd3f3f38070a3dc937fdd90ad8)] -> xpath: //*[@id='answer_form']/div/div/div[1]/textarea]
Session ID: 69ef78cd3f3f38070a3dc937fdd90ad8
at jdk.internal.reflect.GeneratedConstructorAccessor84.newInstance(Unknown Source)
at java.base/jdk.internal.reflect.DelegatingConstructorAccessorImpl.newInstance(DelegatingConstructorAccessorImpl.java:45)
at java.base/java.lang.reflect.Constructor.newInstanceWithCaller(Constructor.java:499)
at java.base/java.lang.reflect.Constructor.newInstance(Constructor.java:480)
at org.openqa.selenium.remote.codec.w3c.W3CHttpResponseCodec.createException(W3CHttpResponseCodec.java:200)
at org.openqa.selenium.remote.codec.w3c.W3CHttpResponseCodec.decode(W3CHttpResponseCodec.java:133)
at org.openqa.selenium.remote.codec.w3c.W3CHttpResponseCodec.decode(W3CHttpResponseCodec.java:53)
at org.openqa.selenium.remote.HttpCommandExecutor.execute(HttpCommandExecutor.java:193)
at org.openqa.selenium.remote.service.DriverCommandExecutor.invokeExecute(DriverCommandExecutor.java:183)
at org.openqa.selenium.remote.service.DriverCommandExecutor.execute(DriverCommandExecutor.java:158)
at org.openqa.selenium.remote.RemoteWebDriver.execute(RemoteWebDriver.java:543)
at org.openqa.selenium.remote.RemoteWebElement.execute(RemoteWebElement.java:257)
at org.openqa.selenium.remote.RemoteWebElement.sendKeys(RemoteWebElement.java:113)
at jdk.internal.reflect.GeneratedMethodAccessor213.invoke(Unknown Source)
at java.base/jdk.internal.reflect.DelegatingMethodAccessorImpl.invoke(DelegatingMethodAccessorImpl.java:43)
at java.base/java.lang.reflect.Method.invoke(Method.java:568)
at org.openqa.selenium.support.pagefactory.internal.LocatingElementHandler.invoke(LocatingElementHandler.java:52)
at jdk.proxy2/jdk.proxy2.$Proxy46.sendKeys(Unknown Source)
at dsAlgo_Utilities.PageUtils.entercode(PageUtils.java:45)
at dsAlgo_PageObject.JTreePage.enter_code(JTreePage.java:56)
at dsAlgo_StepDefinition.JTreePage_SD.the_user_enter_valid_python_code_in_stack_try_editor_from_sheet_and(JTreePage_SD.java:61)
at ✽.The user enter valid python code in tree tryEditor from sheet "array" and 0(file:///C:/Users/subas/eclipse-workspace-new/Z_DS-Algo_BDDcopy/src/test/resources/Features/JTreePage.feature:49)
]]>
    </error>
  </testcase> <!-- runScenario -->
  <system-out/>
  <testcase classname="dsAlgo_TestRunner.TestRunner" name="runScenario" time="10.137"/>
  <system-out/>
  <testcase classname="dsAlgo_TestRunner.TestRunner" name="runScenario" time="1.633"/>
  <system-out/>
  <testcase classname="dsAlgo_TestRunner.TestRunner" name="runScenario" time="4.128"/>
  <system-out/>
  <testcase classname="dsAlgo_TestRunner.TestRunner" name="runScenario" time="3.518"/>
  <system-out/>
  <testcase classname="dsAlgo_TestRunner.TestRunner" name="runScenario" time="13.512">
    <error message="element not interactable
  (Session info: chrome=114.0.5735.199)
Build info: version: &#039;4.9.1&#039;, revision: &#039;eb2032df7f&#039;
System info: os.name: &#039;Windows 11&#039;, os.arch: &#039;amd64&#039;, os.version: &#039;10.0&#039;, java.version: &#039;17.0.7&#039;
Driver info: org.openqa.selenium.chrome.ChromeDriver
Command: [69ef78cd3f3f38070a3dc937fdd90ad8, sendKeysToElement {id=6689F6B905F55A3AFE940FDBDF1C28A8_element_667, value=[Ljava.lang.CharSequence;@663a8f0c}]
Capabilities {acceptInsecureCerts: false, browserName: chrome, browserVersion: 114.0.5735.199, chrome: {chromedriverVersion: 114.0.5735.90 (386bc09e8f4f..., userDataDir: C:\Users\subas\AppData\Loca...}, goog:chromeOptions: {debuggerAddress: localhost:52471}, networkConnectionEnabled: false, pageLoadStrategy: normal, platformName: windows, proxy: Proxy(), se:cdp: ws://localhost:52471/devtoo..., se:cdpVersion: 114.0.5735.199, setWindowRect: true, strictFileInteractability: false, timeouts: {implicit: 0, pageLoad: 300000, script: 30000}, unhandledPromptBehavior: dismiss and notify, webauthn:extension:credBlob: true, webauthn:extension:largeBlob: true, webauthn:extension:minPinLength: true, webauthn:extension:prf: true, webauthn:virtualAuthenticators: true}
Element: [[ChromeDriver: chrome on windows (69ef78cd3f3f38070a3dc937fdd90ad8)] -&gt; xpath: //*[@id=&#039;answer_form&#039;]/div/div/div[1]/textarea]
Session ID: 69ef78cd3f3f38070a3dc937fdd90ad8" type="org.openqa.selenium.ElementNotInteractableException">
      <![CDATA[org.openqa.selenium.ElementNotInteractableException: element not interactable
  (Session info: chrome=114.0.5735.199)
Build info: version: '4.9.1', revision: 'eb2032df7f'
System info: os.name: 'Windows 11', os.arch: 'amd64', os.version: '10.0', java.version: '17.0.7'
Driver info: org.openqa.selenium.chrome.ChromeDriver
Command: [69ef78cd3f3f38070a3dc937fdd90ad8, sendKeysToElement {id=6689F6B905F55A3AFE940FDBDF1C28A8_element_667, value=[Ljava.lang.CharSequence;@663a8f0c}]
Capabilities {acceptInsecureCerts: false, browserName: chrome, browserVersion: 114.0.5735.199, chrome: {chromedriverVersion: 114.0.5735.90 (386bc09e8f4f..., userDataDir: C:\Users\subas\AppData\Loca...}, goog:chromeOptions: {debuggerAddress: localhost:52471}, networkConnectionEnabled: false, pageLoadStrategy: normal, platformName: windows, proxy: Proxy(), se:cdp: ws://localhost:52471/devtoo..., se:cdpVersion: 114.0.5735.199, setWindowRect: true, strictFileInteractability: false, timeouts: {implicit: 0, pageLoad: 300000, script: 30000}, unhandledPromptBehavior: dismiss and notify, webauthn:extension:credBlob: true, webauthn:extension:largeBlob: true, webauthn:extension:minPinLength: true, webauthn:extension:prf: true, webauthn:virtualAuthenticators: true}
Element: [[ChromeDriver: chrome on windows (69ef78cd3f3f38070a3dc937fdd90ad8)] -> xpath: //*[@id='answer_form']/div/div/div[1]/textarea]
Session ID: 69ef78cd3f3f38070a3dc937fdd90ad8
at java.base/jdk.internal.reflect.NativeConstructorAccessorImpl.newInstance0(Native Method)
at java.base/jdk.internal.reflect.NativeConstructorAccessorImpl.newInstance(NativeConstructorAccessorImpl.java:77)
at java.base/jdk.internal.reflect.DelegatingConstructorAccessorImpl.newInstance(DelegatingConstructorAccessorImpl.java:45)
at java.base/java.lang.reflect.Constructor.newInstanceWithCaller(Constructor.java:499)
at java.base/java.lang.reflect.Constructor.newInstance(Constructor.java:480)
at org.openqa.selenium.remote.codec.w3c.W3CHttpResponseCodec.createException(W3CHttpResponseCodec.java:200)
at org.openqa.selenium.remote.codec.w3c.W3CHttpResponseCodec.decode(W3CHttpResponseCodec.java:133)
at org.openqa.selenium.remote.codec.w3c.W3CHttpResponseCodec.decode(W3CHttpResponseCodec.java:53)
at org.openqa.selenium.remote.HttpCommandExecutor.execute(HttpCommandExecutor.java:193)
at org.openqa.selenium.remote.service.DriverCommandExecutor.invokeExecute(DriverCommandExecutor.java:183)
at org.openqa.selenium.remote.service.DriverCommandExecutor.execute(DriverCommandExecutor.java:158)
at org.openqa.selenium.remote.RemoteWebDriver.execute(RemoteWebDriver.java:543)
at org.openqa.selenium.remote.RemoteWebElement.execute(RemoteWebElement.java:257)
at org.openqa.selenium.remote.RemoteWebElement.sendKeys(RemoteWebElement.java:113)
at jdk.internal.reflect.GeneratedMethodAccessor213.invoke(Unknown Source)
at java.base/jdk.internal.reflect.DelegatingMethodAccessorImpl.invoke(DelegatingMethodAccessorImpl.java:43)
at java.base/java.lang.reflect.Method.invoke(Method.java:568)
at org.openqa.selenium.support.pagefactory.internal.LocatingElementHandler.invoke(LocatingElementHandler.java:52)
at jdk.proxy2/jdk.proxy2.$Proxy46.sendKeys(Unknown Source)
at dsAlgo_Utilities.PageUtils.entercode(PageUtils.java:45)
at dsAlgo_PageObject.FArrayPage.enter_code(FArrayPage.java:59)
at dsAlgo_StepDefinition.FArrayPage_SD.the_user_enter_python_code_with_invalid_syntax_in_try_editor_from_sheet_and(FArrayPage_SD.java:85)
at ✽.The user enter python code with invalid syntax in tryEditor from sheet "array" and 1(file:///C:/Users/subas/eclipse-workspace-new/Z_DS-Algo_BDDcopy/src/test/resources/Features/FArrayPage.feature:42)
]]>
    </error>
  </testcase> <!-- runScenario -->
  <system-out/>
  <testcase classname="dsAlgo_TestRunner.TestRunner" name="runScenario" time="6.506"/>
  <system-out/>
  <testcase classname="dsAlgo_TestRunner.TestRunner" name="runScenario" time="5.881"/>
  <system-out/>
  <testcase classname="dsAlgo_TestRunner.TestRunner" name="runScenario" time="13.477">
    <error message="element not interactable
  (Session info: chrome=114.0.5735.199)
Build info: version: &#039;4.9.1&#039;, revision: &#039;eb2032df7f&#039;
System info: os.name: &#039;Windows 11&#039;, os.arch: &#039;amd64&#039;, os.version: &#039;10.0&#039;, java.version: &#039;17.0.7&#039;
Driver info: org.openqa.selenium.chrome.ChromeDriver
Command: [69ef78cd3f3f38070a3dc937fdd90ad8, sendKeysToElement {id=02C7CDCC40176676418556D98434E9BC_element_2729, value=[Ljava.lang.CharSequence;@3bddcbba}]
Capabilities {acceptInsecureCerts: false, browserName: chrome, browserVersion: 114.0.5735.199, chrome: {chromedriverVersion: 114.0.5735.90 (386bc09e8f4f..., userDataDir: C:\Users\subas\AppData\Loca...}, goog:chromeOptions: {debuggerAddress: localhost:52471}, networkConnectionEnabled: false, pageLoadStrategy: normal, platformName: windows, proxy: Proxy(), se:cdp: ws://localhost:52471/devtoo..., se:cdpVersion: 114.0.5735.199, setWindowRect: true, strictFileInteractability: false, timeouts: {implicit: 0, pageLoad: 300000, script: 30000}, unhandledPromptBehavior: dismiss and notify, webauthn:extension:credBlob: true, webauthn:extension:largeBlob: true, webauthn:extension:minPinLength: true, webauthn:extension:prf: true, webauthn:virtualAuthenticators: true}
Element: [[ChromeDriver: chrome on windows (69ef78cd3f3f38070a3dc937fdd90ad8)] -&gt; xpath: //*[@id=&#039;answer_form&#039;]/div/div/div[1]/textarea]
Session ID: 69ef78cd3f3f38070a3dc937fdd90ad8" type="org.openqa.selenium.ElementNotInteractableException">
      <![CDATA[org.openqa.selenium.ElementNotInteractableException: element not interactable
  (Session info: chrome=114.0.5735.199)
Build info: version: '4.9.1', revision: 'eb2032df7f'
System info: os.name: 'Windows 11', os.arch: 'amd64', os.version: '10.0', java.version: '17.0.7'
Driver info: org.openqa.selenium.chrome.ChromeDriver
Command: [69ef78cd3f3f38070a3dc937fdd90ad8, sendKeysToElement {id=02C7CDCC40176676418556D98434E9BC_element_2729, value=[Ljava.lang.CharSequence;@3bddcbba}]
Capabilities {acceptInsecureCerts: false, browserName: chrome, browserVersion: 114.0.5735.199, chrome: {chromedriverVersion: 114.0.5735.90 (386bc09e8f4f..., userDataDir: C:\Users\subas\AppData\Loca...}, goog:chromeOptions: {debuggerAddress: localhost:52471}, networkConnectionEnabled: false, pageLoadStrategy: normal, platformName: windows, proxy: Proxy(), se:cdp: ws://localhost:52471/devtoo..., se:cdpVersion: 114.0.5735.199, setWindowRect: true, strictFileInteractability: false, timeouts: {implicit: 0, pageLoad: 300000, script: 30000}, unhandledPromptBehavior: dismiss and notify, webauthn:extension:credBlob: true, webauthn:extension:largeBlob: true, webauthn:extension:minPinLength: true, webauthn:extension:prf: true, webauthn:virtualAuthenticators: true}
Element: [[ChromeDriver: chrome on windows (69ef78cd3f3f38070a3dc937fdd90ad8)] -> xpath: //*[@id='answer_form']/div/div/div[1]/textarea]
Session ID: 69ef78cd3f3f38070a3dc937fdd90ad8
at java.base/jdk.internal.reflect.NativeConstructorAccessorImpl.newInstance0(Native Method)
at java.base/jdk.internal.reflect.NativeConstructorAccessorImpl.newInstance(NativeConstructorAccessorImpl.java:77)
at java.base/jdk.internal.reflect.DelegatingConstructorAccessorImpl.newInstance(DelegatingConstructorAccessorImpl.java:45)
at java.base/java.lang.reflect.Constructor.newInstanceWithCaller(Constructor.java:499)
at java.base/java.lang.reflect.Constructor.newInstance(Constructor.java:480)
at org.openqa.selenium.remote.codec.w3c.W3CHttpResponseCodec.createException(W3CHttpResponseCodec.java:200)
at org.openqa.selenium.remote.codec.w3c.W3CHttpResponseCodec.decode(W3CHttpResponseCodec.java:133)
at org.openqa.selenium.remote.codec.w3c.W3CHttpResponseCodec.decode(W3CHttpResponseCodec.java:53)
at org.openqa.selenium.remote.HttpCommandExecutor.execute(HttpCommandExecutor.java:193)
at org.openqa.selenium.remote.service.DriverCommandExecutor.invokeExecute(DriverCommandExecutor.java:183)
at org.openqa.selenium.remote.service.DriverCommandExecutor.execute(DriverCommandExecutor.java:158)
at org.openqa.selenium.remote.RemoteWebDriver.execute(RemoteWebDriver.java:543)
at org.openqa.selenium.remote.RemoteWebElement.execute(RemoteWebElement.java:257)
at org.openqa.selenium.remote.RemoteWebElement.sendKeys(RemoteWebElement.java:113)
at jdk.internal.reflect.GeneratedMethodAccessor213.invoke(Unknown Source)
at java.base/jdk.internal.reflect.DelegatingMethodAccessorImpl.invoke(DelegatingMethodAccessorImpl.java:43)
at java.base/java.lang.reflect.Method.invoke(Method.java:568)
at org.openqa.selenium.support.pagefactory.internal.LocatingElementHandler.invoke(LocatingElementHandler.java:52)
at jdk.proxy2/jdk.proxy2.$Proxy46.sendKeys(Unknown Source)
at dsAlgo_Utilities.PageUtils.entercode(PageUtils.java:45)
at dsAlgo_PageObject.JTreePage.enter_code(JTreePage.java:56)
at dsAlgo_StepDefinition.JTreePage_SD.the_user_enter_valid_python_code_in_stack_try_editor_from_sheet_and(JTreePage_SD.java:61)
at ✽.The user enter valid python code in tree tryEditor from sheet "array" and 0(file:///C:/Users/subas/eclipse-workspace-new/Z_DS-Algo_BDDcopy/src/test/resources/Features/JTreePage.feature:49)
]]>
    </error>
  </testcase> <!-- runScenario -->
  <system-out/>
  <testcase classname="dsAlgo_TestRunner.TestRunner" name="runScenario" time="2.827"/>
  <system-out/>
  <testcase classname="dsAlgo_TestRunner.TestRunner" name="runScenario" time="6.527"/>
  <system-out/>
  <testcase classname="dsAlgo_TestRunner.TestRunner" name="runScenario" time="4.330"/>
  <system-out/>
  <testcase classname="dsAlgo_TestRunner.TestRunner" name="runScenario" time="8.192"/>
  <system-out/>
  <testcase classname="dsAlgo_TestRunner.TestRunner" name="runScenario" time="2.200"/>
  <system-out/>
  <testcase classname="dsAlgo_TestRunner.TestRunner" name="runScenario" time="6.977"/>
  <system-out/>
  <testcase classname="dsAlgo_TestRunner.TestRunner" name="runScenario" time="6.516"/>
  <system-out/>
  <testcase classname="dsAlgo_TestRunner.TestRunner" name="runScenario" time="7.933"/>
  <system-out/>
  <testcase classname="dsAlgo_TestRunner.TestRunner" name="runScenario" time="12.602"/>
  <system-out/>
  <testcase classname="dsAlgo_TestRunner.TestRunner" name="runScenario" time="13.370"/>
  <system-out/>
  <testcase classname="dsAlgo_TestRunner.TestRunner" name="runScenario" time="5.105"/>
  <system-out/>
  <testcase classname="dsAlgo_TestRunner.TestRunner" name="runScenario" time="2.683"/>
  <system-out/>
  <testcase classname="dsAlgo_TestRunner.TestRunner" name="runScenario" time="3.610"/>
  <system-out/>
  <testcase classname="dsAlgo_TestRunner.TestRunner" name="runScenario" time="4.295"/>
  <system-out/>
  <testcase classname="dsAlgo_TestRunner.TestRunner" name="runScenario" time="5.717"/>
  <system-out/>
  <testcase classname="dsAlgo_TestRunner.TestRunner" name="runScenario" time="0.590"/>
  <system-out/>
  <testcase classname="dsAlgo_TestRunner.TestRunner" name="runScenario" time="4.285"/>
  <system-out/>
  <testcase classname="dsAlgo_TestRunner.TestRunner" name="runScenario" time="15.318">
    <error message="element not interactable
  (Session info: chrome=114.0.5735.199)
Build info: version: &#039;4.9.1&#039;, revision: &#039;eb2032df7f&#039;
System info: os.name: &#039;Windows 11&#039;, os.arch: &#039;amd64&#039;, os.version: &#039;10.0&#039;, java.version: &#039;17.0.7&#039;
Driver info: org.openqa.selenium.chrome.ChromeDriver
Command: [69ef78cd3f3f38070a3dc937fdd90ad8, sendKeysToElement {id=BB4DAA0335923901A3EEE2377D489040_element_3077, value=[Ljava.lang.CharSequence;@69500bda}]
Capabilities {acceptInsecureCerts: false, browserName: chrome, browserVersion: 114.0.5735.199, chrome: {chromedriverVersion: 114.0.5735.90 (386bc09e8f4f..., userDataDir: C:\Users\subas\AppData\Loca...}, goog:chromeOptions: {debuggerAddress: localhost:52471}, networkConnectionEnabled: false, pageLoadStrategy: normal, platformName: windows, proxy: Proxy(), se:cdp: ws://localhost:52471/devtoo..., se:cdpVersion: 114.0.5735.199, setWindowRect: true, strictFileInteractability: false, timeouts: {implicit: 0, pageLoad: 300000, script: 30000}, unhandledPromptBehavior: dismiss and notify, webauthn:extension:credBlob: true, webauthn:extension:largeBlob: true, webauthn:extension:minPinLength: true, webauthn:extension:prf: true, webauthn:virtualAuthenticators: true}
Element: [[ChromeDriver: chrome on windows (69ef78cd3f3f38070a3dc937fdd90ad8)] -&gt; xpath: //*[@id=&#039;answer_form&#039;]/div/div/div[1]/textarea]
Session ID: 69ef78cd3f3f38070a3dc937fdd90ad8" type="org.openqa.selenium.ElementNotInteractableException">
      <![CDATA[org.openqa.selenium.ElementNotInteractableException: element not interactable
  (Session info: chrome=114.0.5735.199)
Build info: version: '4.9.1', revision: 'eb2032df7f'
System info: os.name: 'Windows 11', os.arch: 'amd64', os.version: '10.0', java.version: '17.0.7'
Driver info: org.openqa.selenium.chrome.ChromeDriver
Command: [69ef78cd3f3f38070a3dc937fdd90ad8, sendKeysToElement {id=BB4DAA0335923901A3EEE2377D489040_element_3077, value=[Ljava.lang.CharSequence;@69500bda}]
Capabilities {acceptInsecureCerts: false, browserName: chrome, browserVersion: 114.0.5735.199, chrome: {chromedriverVersion: 114.0.5735.90 (386bc09e8f4f..., userDataDir: C:\Users\subas\AppData\Loca...}, goog:chromeOptions: {debuggerAddress: localhost:52471}, networkConnectionEnabled: false, pageLoadStrategy: normal, platformName: windows, proxy: Proxy(), se:cdp: ws://localhost:52471/devtoo..., se:cdpVersion: 114.0.5735.199, setWindowRect: true, strictFileInteractability: false, timeouts: {implicit: 0, pageLoad: 300000, script: 30000}, unhandledPromptBehavior: dismiss and notify, webauthn:extension:credBlob: true, webauthn:extension:largeBlob: true, webauthn:extension:minPinLength: true, webauthn:extension:prf: true, webauthn:virtualAuthenticators: true}
Element: [[ChromeDriver: chrome on windows (69ef78cd3f3f38070a3dc937fdd90ad8)] -> xpath: //*[@id='answer_form']/div/div/div[1]/textarea]
Session ID: 69ef78cd3f3f38070a3dc937fdd90ad8
at jdk.internal.reflect.GeneratedConstructorAccessor84.newInstance(Unknown Source)
at java.base/jdk.internal.reflect.DelegatingConstructorAccessorImpl.newInstance(DelegatingConstructorAccessorImpl.java:45)
at java.base/java.lang.reflect.Constructor.newInstanceWithCaller(Constructor.java:499)
at java.base/java.lang.reflect.Constructor.newInstance(Constructor.java:480)
at org.openqa.selenium.remote.codec.w3c.W3CHttpResponseCodec.createException(W3CHttpResponseCodec.java:200)
at org.openqa.selenium.remote.codec.w3c.W3CHttpResponseCodec.decode(W3CHttpResponseCodec.java:133)
at org.openqa.selenium.remote.codec.w3c.W3CHttpResponseCodec.decode(W3CHttpResponseCodec.java:53)
at org.openqa.selenium.remote.HttpCommandExecutor.execute(HttpCommandExecutor.java:193)
at org.openqa.selenium.remote.service.DriverCommandExecutor.invokeExecute(DriverCommandExecutor.java:183)
at org.openqa.selenium.remote.service.DriverCommandExecutor.execute(DriverCommandExecutor.java:158)
at org.openqa.selenium.remote.RemoteWebDriver.execute(RemoteWebDriver.java:543)
at org.openqa.selenium.remote.RemoteWebElement.execute(RemoteWebElement.java:257)
at org.openqa.selenium.remote.RemoteWebElement.sendKeys(RemoteWebElement.java:113)
at jdk.internal.reflect.GeneratedMethodAccessor213.invoke(Unknown Source)
at java.base/jdk.internal.reflect.DelegatingMethodAccessorImpl.invoke(DelegatingMethodAccessorImpl.java:43)
at java.base/java.lang.reflect.Method.invoke(Method.java:568)
at org.openqa.selenium.support.pagefactory.internal.LocatingElementHandler.invoke(LocatingElementHandler.java:52)
at jdk.proxy2/jdk.proxy2.$Proxy46.sendKeys(Unknown Source)
at dsAlgo_Utilities.PageUtils.entercode(PageUtils.java:46)
at dsAlgo_PageObject.JTreePage.enter_code(JTreePage.java:56)
at dsAlgo_StepDefinition.JTreePage_SD.the_user_enter_python_code_with_invalid_syntax_in_try_editor_from_sheet_and(JTreePage_SD.java:79)
at ✽.The user enter python code with invalid syntax in tree tryEditor from sheet "array" and 1(file:///C:/Users/subas/eclipse-workspace-new/Z_DS-Algo_BDDcopy/src/test/resources/Features/JTreePage.feature:70)
]]>
    </error>
  </testcase> <!-- runScenario -->
  <system-out/>
  <testcase classname="dsAlgo_TestRunner.TestRunner" name="runScenario" time="2.492"/>
  <system-out/>
  <testcase classname="dsAlgo_TestRunner.TestRunner" name="runScenario" time="3.332"/>
  <system-out/>
  <testcase classname="dsAlgo_TestRunner.TestRunner" name="runScenario" time="2.786"/>
  <system-out/>
  <testcase classname="dsAlgo_TestRunner.TestRunner" name="runScenario" time="3.788"/>
  <system-out/>
  <testcase classname="dsAlgo_TestRunner.TestRunner" name="runScenario" time="0.832"/>
  <system-out/>
  <testcase classname="dsAlgo_TestRunner.TestRunner" name="runScenario" time="9.569"/>
  <system-out/>
  <testcase classname="dsAlgo_TestRunner.TestRunner" name="runScenario" time="3.698"/>
  <system-out/>
  <testcase classname="dsAlgo_TestRunner.TestRunner" name="runScenario" time="4.257"/>
  <system-out/>
  <testcase classname="dsAlgo_TestRunner.TestRunner" name="runScenario" time="10.090"/>
  <system-out/>
  <testcase classname="dsAlgo_TestRunner.TestRunner" name="runScenario" time="2.456"/>
  <system-out/>
  <testcase classname="dsAlgo_TestRunner.TestRunner" name="runScenario" time="4.495"/>
  <system-out/>
  <testcase classname="dsAlgo_TestRunner.TestRunner" name="runScenario" time="2.385"/>
  <system-out/>
  <testcase classname="dsAlgo_TestRunner.TestRunner" name="runScenario" time="11.653"/>
  <system-out/>
  <testcase classname="dsAlgo_TestRunner.TestRunner" name="runScenario" time="7.702"/>
  <system-out/>
  <testcase classname="dsAlgo_TestRunner.TestRunner" name="runScenario" time="1.744"/>
  <system-out/>
  <testcase classname="dsAlgo_TestRunner.TestRunner" name="runScenario" time="1.902"/>
  <system-out/>
  <testcase classname="dsAlgo_TestRunner.TestRunner" name="runScenario" time="8.177"/>
  <system-out/>
  <testcase classname="dsAlgo_TestRunner.TestRunner" name="runScenario" time="3.642"/>
  <system-out/>
  <testcase classname="dsAlgo_TestRunner.TestRunner" name="runScenario" time="8.369"/>
  <system-out/>
  <testcase classname="dsAlgo_TestRunner.TestRunner" name="runScenario" time="4.326"/>
  <system-out/>
  <testcase classname="dsAlgo_TestRunner.TestRunner" name="runScenario" time="0.578"/>
  <system-out/>
  <testcase classname="dsAlgo_TestRunner.TestRunner" name="runScenario" time="14.044"/>
  <system-out/>
  <testcase classname="dsAlgo_TestRunner.TestRunner" name="runScenario" time="4.618"/>
  <system-out/>
  <testcase classname="dsAlgo_TestRunner.TestRunner" name="runScenario" time="3.210"/>
  <system-out/>
  <testcase classname="dsAlgo_TestRunner.TestRunner" name="runScenario" time="2.296"/>
  <system-out/>
  <testcase classname="dsAlgo_TestRunner.TestRunner" name="runScenario" time="12.459"/>
  <system-out/>
  <testcase classname="dsAlgo_TestRunner.TestRunner" name="runScenario" time="11.915">
    <error message="element not interactable
  (Session info: chrome=114.0.5735.199)
Build info: version: &#039;4.9.1&#039;, revision: &#039;eb2032df7f&#039;
System info: os.name: &#039;Windows 11&#039;, os.arch: &#039;amd64&#039;, os.version: &#039;10.0&#039;, java.version: &#039;17.0.7&#039;
Driver info: org.openqa.selenium.chrome.ChromeDriver
Command: [69ef78cd3f3f38070a3dc937fdd90ad8, sendKeysToElement {id=E3DF58D72AF3651E03A3F153317F7098_element_3102, value=[Ljava.lang.CharSequence;@89e7dc5}]
Capabilities {acceptInsecureCerts: false, browserName: chrome, browserVersion: 114.0.5735.199, chrome: {chromedriverVersion: 114.0.5735.90 (386bc09e8f4f..., userDataDir: C:\Users\subas\AppData\Loca...}, goog:chromeOptions: {debuggerAddress: localhost:52471}, networkConnectionEnabled: false, pageLoadStrategy: normal, platformName: windows, proxy: Proxy(), se:cdp: ws://localhost:52471/devtoo..., se:cdpVersion: 114.0.5735.199, setWindowRect: true, strictFileInteractability: false, timeouts: {implicit: 0, pageLoad: 300000, script: 30000}, unhandledPromptBehavior: dismiss and notify, webauthn:extension:credBlob: true, webauthn:extension:largeBlob: true, webauthn:extension:minPinLength: true, webauthn:extension:prf: true, webauthn:virtualAuthenticators: true}
Element: [[ChromeDriver: chrome on windows (69ef78cd3f3f38070a3dc937fdd90ad8)] -&gt; xpath: //*[@id=&#039;answer_form&#039;]/div/div/div[1]/textarea]
Session ID: 69ef78cd3f3f38070a3dc937fdd90ad8" type="org.openqa.selenium.ElementNotInteractableException">
      <![CDATA[org.openqa.selenium.ElementNotInteractableException: element not interactable
  (Session info: chrome=114.0.5735.199)
Build info: version: '4.9.1', revision: 'eb2032df7f'
System info: os.name: 'Windows 11', os.arch: 'amd64', os.version: '10.0', java.version: '17.0.7'
Driver info: org.openqa.selenium.chrome.ChromeDriver
Command: [69ef78cd3f3f38070a3dc937fdd90ad8, sendKeysToElement {id=E3DF58D72AF3651E03A3F153317F7098_element_3102, value=[Ljava.lang.CharSequence;@89e7dc5}]
Capabilities {acceptInsecureCerts: false, browserName: chrome, browserVersion: 114.0.5735.199, chrome: {chromedriverVersion: 114.0.5735.90 (386bc09e8f4f..., userDataDir: C:\Users\subas\AppData\Loca...}, goog:chromeOptions: {debuggerAddress: localhost:52471}, networkConnectionEnabled: false, pageLoadStrategy: normal, platformName: windows, proxy: Proxy(), se:cdp: ws://localhost:52471/devtoo..., se:cdpVersion: 114.0.5735.199, setWindowRect: true, strictFileInteractability: false, timeouts: {implicit: 0, pageLoad: 300000, script: 30000}, unhandledPromptBehavior: dismiss and notify, webauthn:extension:credBlob: true, webauthn:extension:largeBlob: true, webauthn:extension:minPinLength: true, webauthn:extension:prf: true, webauthn:virtualAuthenticators: true}
Element: [[ChromeDriver: chrome on windows (69ef78cd3f3f38070a3dc937fdd90ad8)] -> xpath: //*[@id='answer_form']/div/div/div[1]/textarea]
Session ID: 69ef78cd3f3f38070a3dc937fdd90ad8
at jdk.internal.reflect.GeneratedConstructorAccessor84.newInstance(Unknown Source)
at java.base/jdk.internal.reflect.DelegatingConstructorAccessorImpl.newInstance(DelegatingConstructorAccessorImpl.java:45)
at java.base/java.lang.reflect.Constructor.newInstanceWithCaller(Constructor.java:499)
at java.base/java.lang.reflect.Constructor.newInstance(Constructor.java:480)
at org.openqa.selenium.remote.codec.w3c.W3CHttpResponseCodec.createException(W3CHttpResponseCodec.java:200)
at org.openqa.selenium.remote.codec.w3c.W3CHttpResponseCodec.decode(W3CHttpResponseCodec.java:133)
at org.openqa.selenium.remote.codec.w3c.W3CHttpResponseCodec.decode(W3CHttpResponseCodec.java:53)
at org.openqa.selenium.remote.HttpCommandExecutor.execute(HttpCommandExecutor.java:193)
at org.openqa.selenium.remote.service.DriverCommandExecutor.invokeExecute(DriverCommandExecutor.java:183)
at org.openqa.selenium.remote.service.DriverCommandExecutor.execute(DriverCommandExecutor.java:158)
at org.openqa.selenium.remote.RemoteWebDriver.execute(RemoteWebDriver.java:543)
at org.openqa.selenium.remote.RemoteWebElement.execute(RemoteWebElement.java:257)
at org.openqa.selenium.remote.RemoteWebElement.sendKeys(RemoteWebElement.java:113)
at jdk.internal.reflect.GeneratedMethodAccessor213.invoke(Unknown Source)
at java.base/jdk.internal.reflect.DelegatingMethodAccessorImpl.invoke(DelegatingMethodAccessorImpl.java:43)
at java.base/java.lang.reflect.Method.invoke(Method.java:568)
at org.openqa.selenium.support.pagefactory.internal.LocatingElementHandler.invoke(LocatingElementHandler.java:52)
at jdk.proxy2/jdk.proxy2.$Proxy46.sendKeys(Unknown Source)
at dsAlgo_Utilities.PageUtils.entercode(PageUtils.java:45)
at dsAlgo_PageObject.JTreePage.enter_code(JTreePage.java:56)
at dsAlgo_StepDefinition.JTreePage_SD.the_user_enter_python_code_with_invalid_syntax_in_try_editor_from_sheet_and(JTreePage_SD.java:79)
at ✽.The user enter python code with invalid syntax in tree tryEditor from sheet "array" and 1(file:///C:/Users/subas/eclipse-workspace-new/Z_DS-Algo_BDDcopy/src/test/resources/Features/JTreePage.feature:70)
]]>
    </error>
  </testcase> <!-- runScenario -->
  <system-out/>
  <testcase classname="dsAlgo_TestRunner.TestRunner" name="runScenario" time="2.378"/>
  <system-out/>
  <testcase classname="dsAlgo_TestRunner.TestRunner" name="runScenario" time="10.573"/>
  <system-out/>
  <testcase classname="dsAlgo_TestRunner.TestRunner" name="runScenario" time="2.653"/>
  <system-out/>
  <testcase classname="dsAlgo_TestRunner.TestRunner" name="runScenario" time="11.885">
    <error message="element not interactable
  (Session info: chrome=114.0.5735.199)
Build info: version: &#039;4.9.1&#039;, revision: &#039;eb2032df7f&#039;
System info: os.name: &#039;Windows 11&#039;, os.arch: &#039;amd64&#039;, os.version: &#039;10.0&#039;, java.version: &#039;17.0.7&#039;
Driver info: org.openqa.selenium.chrome.ChromeDriver
Command: [69ef78cd3f3f38070a3dc937fdd90ad8, sendKeysToElement {id=36D6424A561793E32035C1CD6AE0A7CD_element_3149, value=[Ljava.lang.CharSequence;@2be208c5}]
Capabilities {acceptInsecureCerts: false, browserName: chrome, browserVersion: 114.0.5735.199, chrome: {chromedriverVersion: 114.0.5735.90 (386bc09e8f4f..., userDataDir: C:\Users\subas\AppData\Loca...}, goog:chromeOptions: {debuggerAddress: localhost:52471}, networkConnectionEnabled: false, pageLoadStrategy: normal, platformName: windows, proxy: Proxy(), se:cdp: ws://localhost:52471/devtoo..., se:cdpVersion: 114.0.5735.199, setWindowRect: true, strictFileInteractability: false, timeouts: {implicit: 0, pageLoad: 300000, script: 30000}, unhandledPromptBehavior: dismiss and notify, webauthn:extension:credBlob: true, webauthn:extension:largeBlob: true, webauthn:extension:minPinLength: true, webauthn:extension:prf: true, webauthn:virtualAuthenticators: true}
Element: [[ChromeDriver: chrome on windows (69ef78cd3f3f38070a3dc937fdd90ad8)] -&gt; xpath: //*[@id=&#039;answer_form&#039;]/div/div/div[1]/textarea]
Session ID: 69ef78cd3f3f38070a3dc937fdd90ad8" type="org.openqa.selenium.ElementNotInteractableException">
      <![CDATA[org.openqa.selenium.ElementNotInteractableException: element not interactable
  (Session info: chrome=114.0.5735.199)
Build info: version: '4.9.1', revision: 'eb2032df7f'
System info: os.name: 'Windows 11', os.arch: 'amd64', os.version: '10.0', java.version: '17.0.7'
Driver info: org.openqa.selenium.chrome.ChromeDriver
Command: [69ef78cd3f3f38070a3dc937fdd90ad8, sendKeysToElement {id=36D6424A561793E32035C1CD6AE0A7CD_element_3149, value=[Ljava.lang.CharSequence;@2be208c5}]
Capabilities {acceptInsecureCerts: false, browserName: chrome, browserVersion: 114.0.5735.199, chrome: {chromedriverVersion: 114.0.5735.90 (386bc09e8f4f..., userDataDir: C:\Users\subas\AppData\Loca...}, goog:chromeOptions: {debuggerAddress: localhost:52471}, networkConnectionEnabled: false, pageLoadStrategy: normal, platformName: windows, proxy: Proxy(), se:cdp: ws://localhost:52471/devtoo..., se:cdpVersion: 114.0.5735.199, setWindowRect: true, strictFileInteractability: false, timeouts: {implicit: 0, pageLoad: 300000, script: 30000}, unhandledPromptBehavior: dismiss and notify, webauthn:extension:credBlob: true, webauthn:extension:largeBlob: true, webauthn:extension:minPinLength: true, webauthn:extension:prf: true, webauthn:virtualAuthenticators: true}
Element: [[ChromeDriver: chrome on windows (69ef78cd3f3f38070a3dc937fdd90ad8)] -> xpath: //*[@id='answer_form']/div/div/div[1]/textarea]
Session ID: 69ef78cd3f3f38070a3dc937fdd90ad8
at jdk.internal.reflect.GeneratedConstructorAccessor84.newInstance(Unknown Source)
at java.base/jdk.internal.reflect.DelegatingConstructorAccessorImpl.newInstance(DelegatingConstructorAccessorImpl.java:45)
at java.base/java.lang.reflect.Constructor.newInstanceWithCaller(Constructor.java:499)
at java.base/java.lang.reflect.Constructor.newInstance(Constructor.java:480)
at org.openqa.selenium.remote.codec.w3c.W3CHttpResponseCodec.createException(W3CHttpResponseCodec.java:200)
at org.openqa.selenium.remote.codec.w3c.W3CHttpResponseCodec.decode(W3CHttpResponseCodec.java:133)
at org.openqa.selenium.remote.codec.w3c.W3CHttpResponseCodec.decode(W3CHttpResponseCodec.java:53)
at org.openqa.selenium.remote.HttpCommandExecutor.execute(HttpCommandExecutor.java:193)
at org.openqa.selenium.remote.service.DriverCommandExecutor.invokeExecute(DriverCommandExecutor.java:183)
at org.openqa.selenium.remote.service.DriverCommandExecutor.execute(DriverCommandExecutor.java:158)
at org.openqa.selenium.remote.RemoteWebDriver.execute(RemoteWebDriver.java:543)
at org.openqa.selenium.remote.RemoteWebElement.execute(RemoteWebElement.java:257)
at org.openqa.selenium.remote.RemoteWebElement.sendKeys(RemoteWebElement.java:113)
at jdk.internal.reflect.GeneratedMethodAccessor213.invoke(Unknown Source)
at java.base/jdk.internal.reflect.DelegatingMethodAccessorImpl.invoke(DelegatingMethodAccessorImpl.java:43)
at java.base/java.lang.reflect.Method.invoke(Method.java:568)
at org.openqa.selenium.support.pagefactory.internal.LocatingElementHandler.invoke(LocatingElementHandler.java:52)
at jdk.proxy2/jdk.proxy2.$Proxy46.sendKeys(Unknown Source)
at dsAlgo_Utilities.PageUtils.entercode(PageUtils.java:45)
at dsAlgo_PageObject.JTreePage.enter_code(JTreePage.java:56)
at dsAlgo_StepDefinition.JTreePage_SD.the_user_enter_python_code_with_invalid_syntax_in_try_editor_from_sheet_and(JTreePage_SD.java:79)
at ✽.The user enter python code with invalid syntax in tree tryEditor from sheet "array" and 1(file:///C:/Users/subas/eclipse-workspace-new/Z_DS-Algo_BDDcopy/src/test/resources/Features/JTreePage.feature:70)
]]>
    </error>
  </testcase> <!-- runScenario -->
  <system-out/>
  <testcase classname="dsAlgo_TestRunner.TestRunner" name="runScenario" time="12.206">
    <error message="element not interactable
  (Session info: chrome=114.0.5735.199)
Build info: version: &#039;4.9.1&#039;, revision: &#039;eb2032df7f&#039;
System info: os.name: &#039;Windows 11&#039;, os.arch: &#039;amd64&#039;, os.version: &#039;10.0&#039;, java.version: &#039;17.0.7&#039;
Driver info: org.openqa.selenium.chrome.ChromeDriver
Command: [69ef78cd3f3f38070a3dc937fdd90ad8, sendKeysToElement {id=AD5543BD4A1CF26AEF9B6944B351B6F4_element_3126, value=[Ljava.lang.CharSequence;@1d6eebaa}]
Capabilities {acceptInsecureCerts: false, browserName: chrome, browserVersion: 114.0.5735.199, chrome: {chromedriverVersion: 114.0.5735.90 (386bc09e8f4f..., userDataDir: C:\Users\subas\AppData\Loca...}, goog:chromeOptions: {debuggerAddress: localhost:52471}, networkConnectionEnabled: false, pageLoadStrategy: normal, platformName: windows, proxy: Proxy(), se:cdp: ws://localhost:52471/devtoo..., se:cdpVersion: 114.0.5735.199, setWindowRect: true, strictFileInteractability: false, timeouts: {implicit: 0, pageLoad: 300000, script: 30000}, unhandledPromptBehavior: dismiss and notify, webauthn:extension:credBlob: true, webauthn:extension:largeBlob: true, webauthn:extension:minPinLength: true, webauthn:extension:prf: true, webauthn:virtualAuthenticators: true}
Element: [[ChromeDriver: chrome on windows (69ef78cd3f3f38070a3dc937fdd90ad8)] -&gt; xpath: //*[@id=&#039;answer_form&#039;]/div/div/div[1]/textarea]
Session ID: 69ef78cd3f3f38070a3dc937fdd90ad8" type="org.openqa.selenium.ElementNotInteractableException">
      <![CDATA[org.openqa.selenium.ElementNotInteractableException: element not interactable
  (Session info: chrome=114.0.5735.199)
Build info: version: '4.9.1', revision: 'eb2032df7f'
System info: os.name: 'Windows 11', os.arch: 'amd64', os.version: '10.0', java.version: '17.0.7'
Driver info: org.openqa.selenium.chrome.ChromeDriver
Command: [69ef78cd3f3f38070a3dc937fdd90ad8, sendKeysToElement {id=AD5543BD4A1CF26AEF9B6944B351B6F4_element_3126, value=[Ljava.lang.CharSequence;@1d6eebaa}]
Capabilities {acceptInsecureCerts: false, browserName: chrome, browserVersion: 114.0.5735.199, chrome: {chromedriverVersion: 114.0.5735.90 (386bc09e8f4f..., userDataDir: C:\Users\subas\AppData\Loca...}, goog:chromeOptions: {debuggerAddress: localhost:52471}, networkConnectionEnabled: false, pageLoadStrategy: normal, platformName: windows, proxy: Proxy(), se:cdp: ws://localhost:52471/devtoo..., se:cdpVersion: 114.0.5735.199, setWindowRect: true, strictFileInteractability: false, timeouts: {implicit: 0, pageLoad: 300000, script: 30000}, unhandledPromptBehavior: dismiss and notify, webauthn:extension:credBlob: true, webauthn:extension:largeBlob: true, webauthn:extension:minPinLength: true, webauthn:extension:prf: true, webauthn:virtualAuthenticators: true}
Element: [[ChromeDriver: chrome on windows (69ef78cd3f3f38070a3dc937fdd90ad8)] -> xpath: //*[@id='answer_form']/div/div/div[1]/textarea]
Session ID: 69ef78cd3f3f38070a3dc937fdd90ad8
at jdk.internal.reflect.GeneratedConstructorAccessor84.newInstance(Unknown Source)
at java.base/jdk.internal.reflect.DelegatingConstructorAccessorImpl.newInstance(DelegatingConstructorAccessorImpl.java:45)
at java.base/java.lang.reflect.Constructor.newInstanceWithCaller(Constructor.java:499)
at java.base/java.lang.reflect.Constructor.newInstance(Constructor.java:480)
at org.openqa.selenium.remote.codec.w3c.W3CHttpResponseCodec.createException(W3CHttpResponseCodec.java:200)
at org.openqa.selenium.remote.codec.w3c.W3CHttpResponseCodec.decode(W3CHttpResponseCodec.java:133)
at org.openqa.selenium.remote.codec.w3c.W3CHttpResponseCodec.decode(W3CHttpResponseCodec.java:53)
at org.openqa.selenium.remote.HttpCommandExecutor.execute(HttpCommandExecutor.java:193)
at org.openqa.selenium.remote.service.DriverCommandExecutor.invokeExecute(DriverCommandExecutor.java:183)
at org.openqa.selenium.remote.service.DriverCommandExecutor.execute(DriverCommandExecutor.java:158)
at org.openqa.selenium.remote.RemoteWebDriver.execute(RemoteWebDriver.java:543)
at org.openqa.selenium.remote.RemoteWebElement.execute(RemoteWebElement.java:257)
at org.openqa.selenium.remote.RemoteWebElement.sendKeys(RemoteWebElement.java:113)
at jdk.internal.reflect.GeneratedMethodAccessor213.invoke(Unknown Source)
at java.base/jdk.internal.reflect.DelegatingMethodAccessorImpl.invoke(DelegatingMethodAccessorImpl.java:43)
at java.base/java.lang.reflect.Method.invoke(Method.java:568)
at org.openqa.selenium.support.pagefactory.internal.LocatingElementHandler.invoke(LocatingElementHandler.java:52)
at jdk.proxy2/jdk.proxy2.$Proxy46.sendKeys(Unknown Source)
at dsAlgo_Utilities.PageUtils.entercode(PageUtils.java:45)
at dsAlgo_PageObject.JTreePage.enter_code(JTreePage.java:56)
at dsAlgo_StepDefinition.JTreePage_SD.the_user_enter_python_code_with_invalid_syntax_in_try_editor_from_sheet_and(JTreePage_SD.java:79)
at ✽.The user enter python code with invalid syntax in tree tryEditor from sheet "array" and 1(file:///C:/Users/subas/eclipse-workspace-new/Z_DS-Algo_BDDcopy/src/test/resources/Features/JTreePage.feature:70)
]]>
    </error>
  </testcase> <!-- runScenario -->
  <system-out/>
  <testcase classname="dsAlgo_TestRunner.TestRunner" name="runScenario" time="5.172"/>
  <system-out/>
  <testcase classname="dsAlgo_TestRunner.TestRunner" name="runScenario" time="0.691"/>
  <system-out/>
  <testcase classname="dsAlgo_TestRunner.TestRunner" name="runScenario" time="49.783">
    <error message="unexpected alert open: {Alert text : NameError: name &#039;prin&#039; is not defined on line 1}
  (Session info: chrome=114.0.5735.199): NameError: name &#039;prin&#039; is not defined on line 1
Build info: version: &#039;4.9.1&#039;, revision: &#039;eb2032df7f&#039;
System info: os.name: &#039;Windows 11&#039;, os.arch: &#039;amd64&#039;, os.version: &#039;10.0&#039;, java.version: &#039;17.0.7&#039;
Driver info: org.openqa.selenium.chrome.ChromeDriver
Command: [69ef78cd3f3f38070a3dc937fdd90ad8, findElement {using=xpath, value=//button[text()=&#039;Run&#039;]}]
Capabilities {acceptInsecureCerts: false, browserName: chrome, browserVersion: 114.0.5735.199, chrome: {chromedriverVersion: 114.0.5735.90 (386bc09e8f4f..., userDataDir: C:\Users\subas\AppData\Loca...}, goog:chromeOptions: {debuggerAddress: localhost:52471}, networkConnectionEnabled: false, pageLoadStrategy: normal, platformName: windows, proxy: Proxy(), se:cdp: ws://localhost:52471/devtoo..., se:cdpVersion: 114.0.5735.199, setWindowRect: true, strictFileInteractability: false, timeouts: {implicit: 0, pageLoad: 300000, script: 30000}, unhandledPromptBehavior: dismiss and notify, webauthn:extension:credBlob: true, webauthn:extension:largeBlob: true, webauthn:extension:minPinLength: true, webauthn:extension:prf: true, webauthn:virtualAuthenticators: true}
Session ID: 69ef78cd3f3f38070a3dc937fdd90ad8" type="org.openqa.selenium.UnhandledAlertException">
      <![CDATA[org.openqa.selenium.UnhandledAlertException: unexpected alert open: {Alert text : NameError: name 'prin' is not defined on line 1}
  (Session info: chrome=114.0.5735.199): NameError: name 'prin' is not defined on line 1
Build info: version: '4.9.1', revision: 'eb2032df7f'
System info: os.name: 'Windows 11', os.arch: 'amd64', os.version: '10.0', java.version: '17.0.7'
Driver info: org.openqa.selenium.chrome.ChromeDriver
Command: [69ef78cd3f3f38070a3dc937fdd90ad8, findElement {using=xpath, value=//button[text()='Run']}]
[...]
Session ID: 69ef78cd3f3f38070a3dc937fdd90ad8
at java.base/jdk.internal.reflect.NativeConstructorAccessorImpl.newInstance0(Native Method)
at java.base/jdk.internal.reflect.NativeConstructorAccessorImpl.newInstance(NativeConstructorAccessorImpl.java:77)
at java.base/jdk.internal.reflect.DelegatingConstructorAccessorImpl.newInstance(DelegatingConstructorAccessorImpl.java:45)
at java.base/java.lang.reflect.Constructor.newInstanceWithCaller(Constructor.java:499)
at java.base/java.lang.reflect.Constructor.newInstance(Constructor.java:480)
at org.openqa.selenium.remote.codec.w3c.W3CHttpResponseCodec.createException(W3CHttpResponseCodec.java:200)
at org.openqa.selenium.remote.codec.w3c.W3CHttpResponseCodec.decode(W3CHttpResponseCodec.java:133)
at org.openqa.selenium.remote.codec.w3c.W3CHttpResponseCodec.decode(W3CHttpResponseCodec.java:53)
at org.openqa.selenium.remote.HttpCommandExecutor.execute(HttpCommandExecutor.java:193)
at org.openqa.selenium.remote.service.DriverCommandExecutor.invokeExecute(DriverCommandExecutor.java:183)
at org.openqa.selenium.remote.service.DriverCommandExecutor.execute(DriverCommandExecutor.java:158)
at org.openqa.selenium.remote.RemoteWebDriver.execute(RemoteWebDriver.java:543)
at org.openqa.selenium.remote.RemoteWebElement.execute(RemoteWebElement.java:257)
at org.openqa.selenium.remote.RemoteWebElement.sendKeys(RemoteWebElement.java:113)
at jdk.internal.reflect.GeneratedMethodAccessor213.invoke(Unknown Source)
at java.base/jdk.internal.reflect.DelegatingMethodAccessorImpl.invoke(DelegatingMethodAccessorImpl.java:43)
at java.base/java.lang.reflect.Method.invoke(Method.java:568)
at org.openqa.selenium.support.pagefactory.internal.LocatingElementHandler.invoke(LocatingElementHandler.java:52)
at jdk.proxy2/jdk.proxy2.$Proxy46.sendKeys(Unknown Source)
at dsAlgo_Utilities.PageUtils.entercode(PageUtils.java:45)
at dsAlgo_PageObject.FArrayPage.enter_code(FArrayPage.java:59)
at dsAlgo_StepDefinition.FArrayPage_SD.the_user_enter_valid_python_code_in_try_editor_from_sheet_and(FArrayPage_SD.java:65)
at ✽.The user enter valid python code in tryEditor from sheet "array" and 0(file:///C:/Users/subas/eclipse-workspace-new/Z_DS-Algo_BDDcopy/src/test/resources/Features/FArrayPage.feature:30)
]]>
    </error>
  </testcase> <!-- runScenario -->
  <system-out/>
  <testcase classname="dsAlgo_TestRunner.TestRunner" name="runScenario" time="4.803"/>
  <system-out/>
  <testcase classname="dsAlgo_TestRunner.TestRunner" name="runScenario" time="13.475">
    <error message="element not interactable
  (Session info: chrome=114.0.5735.199)
Build info: version: &#039;4.9.1&#039;, revision: &#039;eb2032df7f&#039;
System info: os.name: &#039;Windows 11&#039;, os.arch: &#039;amd64&#039;, os.version: &#039;10.0&#039;, java.version: &#039;17.0.7&#039;
Driver info: org.openqa.selenium.chrome.ChromeDriver
Command: [69ef78cd3f3f38070a3dc937fdd90ad8, sendKeysToElement {id=88CABCF0360457E504FA2837D29CD615_element_2826, value=[Ljava.lang.CharSequence;@3e8a8053}]
Capabilities {acceptInsecureCerts: false, browserName: chrome, browserVersion: 114.0.5735.199, chrome: {chromedriverVersion: 114.0.5735.90 (386bc09e8f4f..., userDataDir: C:\Users\subas\AppData\Loca...}, goog:chromeOptions: {debuggerAddress: localhost:52471}, networkConnectionEnabled: false, pageLoadStrategy: normal, platformName: windows, proxy: Proxy(), se:cdp: ws://localhost:52471/devtoo..., se:cdpVersion: 114.0.5735.199, setWindowRect: true, strictFileInteractability: false, timeouts: {implicit: 0, pageLoad: 300000, script: 30000}, unhandledPromptBehavior: dismiss and notify, webauthn:extension:credBlob: true, webauthn:extension:largeBlob: true, webauthn:extension:minPinLength: true, webauthn:extension:prf: true, webauthn:virtualAuthenticators: true}
Element: [[ChromeDriver: chrome on windows (69ef78cd3f3f38070a3dc937fdd90ad8)] -&gt; xpath: //*[@id=&#039;answer_form&#039;]/div/div/div[1]/textarea]
Session ID: 69ef78cd3f3f38070a3dc937fdd90ad8" type="org.openqa.selenium.ElementNotInteractableException">
      <![CDATA[org.openqa.selenium.ElementNotInteractableException: element not interactable
  (Session info: chrome=114.0.5735.199)
Build info: version: '4.9.1', revision: 'eb2032df7f'
System info: os.name: 'Windows 11', os.arch: 'amd64', os.version: '10.0', java.version: '17.0.7'
Driver info: org.openqa.selenium.chrome.ChromeDriver
Command: [69ef78cd3f3f38070a3dc937fdd90ad8, sendKeysToElement {id=88CABCF0360457E504FA2837D29CD615_element_2826, value=[Ljava.lang.CharSequence;@3e8a8053}]
Capabilities {acceptInsecureCerts: false, browserName: chrome, browserVersion: 114.0.5735.199, chrome: {chromedriverVersion: 114.0.5735.90 (386bc09e8f4f..., userDataDir: C:\Users\subas\AppData\Loca...}, goog:chromeOptions: {debuggerAddress: localhost:52471}, networkConnectionEnabled: false, pageLoadStrategy: normal, platformName: windows, proxy: Proxy(), se:cdp: ws://localhost:52471/devtoo..., se:cdpVersion: 114.0.5735.199, setWindowRect: true, strictFileInteractability: false, timeouts: {implicit: 0, pageLoad: 300000, script: 30000}, unhandledPromptBehavior: dismiss and notify, webauthn:extension:credBlob: true, webauthn:extension:largeBlob: true, webauthn:extension:minPinLength: true, webauthn:extension:prf: true, webauthn:virtualAuthenticators: true}
Element: [[ChromeDriver: chrome on windows (69ef78cd3f3f38070a3dc937fdd90ad8)] -> xpath: //*[@id='answer_form']/div/div/div[1]/textarea]
Session ID: 69ef78cd3f3f38070a3dc937fdd90ad8
at java.base/jdk.internal.reflect.NativeConstructorAccessorImpl.newInstance0(Native Method)
at java.base/jdk.internal.reflect.NativeConstructorAccessorImpl.newInstance(NativeConstructorAccessorImpl.java:77)
at java.base/jdk.internal.reflect.DelegatingConstructorAccessorImpl.newInstance(DelegatingConstructorAccessorImpl.java:45)
at java.base/java.lang.reflect.Constructor.newInstanceWithCaller(Constructor.java:499)
at java.base/java.lang.reflect.Constructor.newInstance(Constructor.java:480)
at org.openqa.selenium.remote.codec.w3c.W3CHttpResponseCodec.createException(W3CHttpResponseCodec.java:200)
at org.openqa.selenium.remote.codec.w3c.W3CHttpResponseCodec.decode(W3CHttpResponseCodec.java:133)
at org.openqa.selenium.remote.codec.w3c.W3CHttpResponseCodec.decode(W3CHttpResponseCodec.java:53)
at org.openqa.selenium.remote.HttpCommandExecutor.execute(HttpCommandExecutor.java:193)
at org.openqa.selenium.remote.service.DriverCommandExecutor.invokeExecute(DriverCommandExecutor.java:183)
at org.openqa.selenium.remote.service.DriverCommandExecutor.execute(DriverCommandExecutor.java:158)
at org.openqa.selenium.remote.RemoteWebDriver.execute(RemoteWebDriver.java:543)
at org.openqa.selenium.remote.RemoteWebElement.execute(RemoteWebElement.java:257)
at org.openqa.selenium.remote.RemoteWebElement.sendKeys(RemoteWebElement.java:113)
at jdk.internal.reflect.GeneratedMethodAccessor213.invoke(Unknown Source)
at java.base/jdk.internal.reflect.DelegatingMethodAccessorImpl.invoke(DelegatingMethodAccessorImpl.java:43)
at java.base/java.lang.reflect.Method.invoke(Method.java:568)
at org.openqa.selenium.support.pagefactory.internal.LocatingElementHandler.invoke(LocatingElementHandler.java:52)
at jdk.proxy2/jdk.proxy2.$Proxy46.sendKeys(Unknown Source)
at dsAlgo_Utilities.PageUtils.entercode(PageUtils.java:45)
at dsAlgo_PageObject.JTreePage.enter_code(JTreePage.java:56)
at dsAlgo_StepDefinition.JTreePage_SD.the_user_enter_valid_python_code_in_stack_try_editor_from_sheet_and(JTreePage_SD.java:61)
at ✽.The user enter valid python code in tree tryEditor from sheet "array" and 0(file:///C:/Users/subas/eclipse-workspace-new/Z_DS-Algo_BDDcopy/src/test/resources/Features/JTreePage.feature:49)
]]>
    </error>
  </testcase> <!-- runScenario -->
  <system-out/>
  <testcase classname="dsAlgo_TestRunner.TestRunner" name="runScenario" time="2.928"/>
  <system-out/>
  <testcase classname="dsAlgo_TestRunner.TestRunner" name="runScenario" time="4.496"/>
  <system-out/>
  <testcase classname="dsAlgo_TestRunner.TestRunner" name="runScenario" time="4.081"/>
  <system-out/>
  <testcase classname="dsAlgo_TestRunner.TestRunner" name="runScenario" time="2.750"/>
  <system-out/>
  <testcase classname="dsAlgo_TestRunner.TestRunner" name="runScenario" time="13.196">
    <error message="element not interactable
  (Session info: chrome=114.0.5735.199)
Build info: version: &#039;4.9.1&#039;, revision: &#039;eb2032df7f&#039;
System info: os.name: &#039;Windows 11&#039;, os.arch: &#039;amd64&#039;, os.version: &#039;10.0&#039;, java.version: &#039;17.0.7&#039;
Driver info: org.openqa.selenium.chrome.ChromeDriver
Command: [69ef78cd3f3f38070a3dc937fdd90ad8, sendKeysToElement {id=782A84880F8CE5069540DD5EEC08E232_element_2849, value=[Ljava.lang.CharSequence;@3220007b}]
Capabilities {acceptInsecureCerts: false, browserName: chrome, browserVersion: 114.0.5735.199, chrome: {chromedriverVersion: 114.0.5735.90 (386bc09e8f4f..., userDataDir: C:\Users\subas\AppData\Loca...}, goog:chromeOptions: {debuggerAddress: localhost:52471}, networkConnectionEnabled: false, pageLoadStrategy: normal, platformName: windows, proxy: Proxy(), se:cdp: ws://localhost:52471/devtoo..., se:cdpVersion: 114.0.5735.199, setWindowRect: true, strictFileInteractability: false, timeouts: {implicit: 0, pageLoad: 300000, script: 30000}, unhandledPromptBehavior: dismiss and notify, webauthn:extension:credBlob: true, webauthn:extension:largeBlob: true, webauthn:extension:minPinLength: true, webauthn:extension:prf: true, webauthn:virtualAuthenticators: true}
Element: [[ChromeDriver: chrome on windows (69ef78cd3f3f38070a3dc937fdd90ad8)] -&gt; xpath: //*[@id=&#039;answer_form&#039;]/div/div/div[1]/textarea]
Session ID: 69ef78cd3f3f38070a3dc937fdd90ad8" type="org.openqa.selenium.ElementNotInteractableException">
      <![CDATA[org.openqa.selenium.ElementNotInteractableException: element not interactable
  (Session info: chrome=114.0.5735.199)
Build info: version: '4.9.1', revision: 'eb2032df7f'
System info: os.name: 'Windows 11', os.arch: 'amd64', os.version: '10.0', java.version: '17.0.7'
Driver info: org.openqa.selenium.chrome.ChromeDriver
Command: [69ef78cd3f3f38070a3dc937fdd90ad8, sendKeysToElement {id=782A84880F8CE5069540DD5EEC08E232_element_2849, value=[Ljava.lang.CharSequence;@3220007b}]
Capabilities {acceptInsecureCerts: false, browserName: chrome, browserVersion: 114.0.5735.199, chrome: {chromedriverVersion: 114.0.5735.90 (386bc09e8f4f..., userDataDir: C:\Users\subas\AppData\Loca...}, goog:chromeOptions: {debuggerAddress: localhost:52471}, networkConnectionEnabled: false, pageLoadStrategy: normal, platformName: windows, proxy: Proxy(), se:cdp: ws://localhost:52471/devtoo..., se:cdpVersion: 114.0.5735.199, setWindowRect: true, strictFileInteractability: false, timeouts: {implicit: 0, pageLoad: 300000, script: 30000}, unhandledPromptBehavior: dismiss and notify, webauthn:extension:credBlob: true, webauthn:extension:largeBlob: true, webauthn:extension:minPinLength: true, webauthn:extension:prf: true, webauthn:virtualAuthenticators: true}
Element: [[ChromeDriver: chrome on windows (69ef78cd3f3f38070a3dc937fdd90ad8)] -> xpath: //*[@id='answer_form']/div/div/div[1]/textarea]
Session ID: 69ef78cd3f3f38070a3dc937fdd90ad8
at java.base/jdk.internal.reflect.NativeConstructorAccessorImpl.newInstance0(Native Method)
at java.base/jdk.internal.reflect.NativeConstructorAccessorImpl.newInstance(NativeConstructorAccessorImpl.java:77)
at java.base/jdk.internal.reflect.DelegatingConstructorAccessorImpl.newInstance(DelegatingConstructorAccessorImpl.java:45)
at java.base/java.lang.reflect.Constructor.newInstanceWithCaller(Constructor.java:499)
at java.base/java.lang.reflect.Constructor.newInstance(Constructor.java:480)
at org.openqa.selenium.remote.codec.w3c.W3CHttpResponseCodec.createException(W3CHttpResponseCodec.java:200)
at org.openqa.selenium.remote.codec.w3c.W3CHttpResponseCodec.decode(W3CHttpResponseCodec.java:133)
at org.openqa.selenium.remote.codec.w3c.W3CHttpResponseCodec.decode(W3CHttpResponseCodec.java:53)
at org.openqa.selenium.remote.HttpCommandExecutor.execute(HttpCommandExecutor.java:193)
at org.openqa.selenium.remote.service.DriverCommandExecutor.invokeExecute(DriverCommandExecutor.java:183)
at org.openqa.selenium.remote.service.DriverCommandExecutor.execute(DriverCommandExecutor.java:158)
at org.openqa.selenium.remote.RemoteWebDriver.execute(RemoteWebDriver.java:543)
at org.openqa.selenium.remote.RemoteWebElement.execute(RemoteWebElement.java:257)
at org.openqa.selenium.remote.RemoteWebElement.sendKeys(RemoteWebElement.java:113)
at jdk.internal.reflect.GeneratedMethodAccessor213.invoke(Unknown Source)
at java.base/jdk.internal.reflect.DelegatingMethodAccessorImpl.invoke(DelegatingMethodAccessorImpl.java:43)
at java.base/java.lang.reflect.Method.invoke(Method.java:568)
at org.openqa.selenium.support.pagefactory.internal.LocatingElementHandler.invoke(LocatingElementHandler.java:52)
at jdk.proxy2/jdk.proxy2.$Proxy46.sendKeys(Unknown Source)
at dsAlgo_Utilities.PageUtils.entercode(PageUtils.java:45)
at dsAlgo_PageObject.JTreePage.enter_code(JTreePage.java:56)
at dsAlgo_StepDefinition.JTreePage_SD.the_user_enter_valid_python_code_in_stack_try_editor_from_sheet_and(JTreePage_SD.java:61)
at ✽.The user enter valid python code in tree tryEditor from sheet "array" and 0(file:///C:/Users/subas/eclipse-workspace-new/Z_DS-Algo_BDDcopy/src/test/resources/Features/JTreePage.feature:49)
]]>
    </error>
  </testcase> <!-- runScenario -->
  <system-out/>
  <testcase classname="dsAlgo_TestRunner.TestRunner" name="runScenario" time="2.148"/>
  <system-out/>
  <testcase classname="dsAlgo_TestRunner.TestRunner" name="runScenario" time="13.417">
    <error message="element not interactable
  (Session info: chrome=114.0.5735.199)
Build info: version: &#039;4.9.1&#039;, revision: &#039;eb2032df7f&#039;
System info: os.name: &#039;Windows 11&#039;, os.arch: &#039;amd64&#039;, os.version: &#039;10.0&#039;, java.version: &#039;17.0.7&#039;
Driver info: org.openqa.selenium.chrome.ChromeDriver
Command: [69ef78cd3f3f38070a3dc937fdd90ad8, sendKeysToElement {id=17E7CFA447FCDB142938385331885BDC_element_2897, value=[Ljava.lang.CharSequence;@60bbb02b}]
Capabilities {acceptInsecureCerts: false, browserName: chrome, browserVersion: 114.0.5735.199, chrome: {chromedriverVersion: 114.0.5735.90 (386bc09e8f4f..., userDataDir: C:\Users\subas\AppData\Loca...}, goog:chromeOptions: {debuggerAddress: localhost:52471}, networkConnectionEnabled: false, pageLoadStrategy: normal, platformName: windows, proxy: Proxy(), se:cdp: ws://localhost:52471/devtoo..., se:cdpVersion: 114.0.5735.199, setWindowRect: true, strictFileInteractability: false, timeouts: {implicit: 0, pageLoad: 300000, script: 30000}, unhandledPromptBehavior: dismiss and notify, webauthn:extension:credBlob: true, webauthn:extension:largeBlob: true, webauthn:extension:minPinLength: true, webauthn:extension:prf: true, webauthn:virtualAuthenticators: true}
Element: [[ChromeDriver: chrome on windows (69ef78cd3f3f38070a3dc937fdd90ad8)] -&gt; xpath: //*[@id=&#039;answer_form&#039;]/div/div/div[1]/textarea]
Session ID: 69ef78cd3f3f38070a3dc937fdd90ad8" type="org.openqa.selenium.ElementNotInteractableException">
      <![CDATA[org.openqa.selenium.ElementNotInteractableException: element not interactable
  (Session info: chrome=114.0.5735.199)
Build info: version: '4.9.1', revision: 'eb2032df7f'
System info: os.name: 'Windows 11', os.arch: 'amd64', os.version: '10.0', java.version: '17.0.7'
Driver info: org.openqa.selenium.chrome.ChromeDriver
Command: [69ef78cd3f3f38070a3dc937fdd90ad8, sendKeysToElement {id=17E7CFA447FCDB142938385331885BDC_element_2897, value=[Ljava.lang.CharSequence;@60bbb02b}]
Capabilities {acceptInsecureCerts: false, browserName: chrome, browserVersion: 114.0.5735.199, chrome: {chromedriverVersion: 114.0.5735.90 (386bc09e8f4f..., userDataDir: C:\Users\subas\AppData\Loca...}, goog:chromeOptions: {debuggerAddress: localhost:52471}, networkConnectionEnabled: false, pageLoadStrategy: normal, platformName: windows, proxy: Proxy(), se:cdp: ws://localhost:52471/devtoo..., se:cdpVersion: 114.0.5735.199, setWindowRect: true, strictFileInteractability: false, timeouts: {implicit: 0, pageLoad: 300000, script: 30000}, unhandledPromptBehavior: dismiss and notify, webauthn:extension:credBlob: true, webauthn:extension:largeBlob: true, webauthn:extension:minPinLength: true, webauthn:extension:prf: true, webauthn:virtualAuthenticators: true}
Element: [[ChromeDriver: chrome on windows (69ef78cd3f3f38070a3dc937fdd90ad8)] -> xpath: //*[@id='answer_form']/div/div/div[1]/textarea]
Session ID: 69ef78cd3f3f38070a3dc937fdd90ad8
at jdk.internal.reflect.GeneratedConstructorAccessor84.newInstance(Unknown Source)
at java.base/jdk.internal.reflect.DelegatingConstructorAccessorImpl.newInstance(DelegatingConstructorAccessorImpl.java:45)
at java.base/java.lang.reflect.Constructor.newInstanceWithCaller(Constructor.java:499)
at java.base/java.lang.reflect.Constructor.newInstance(Constructor.java:480)
at org.openqa.selenium.remote.codec.w3c.W3CHttpResponseCodec.createException(W3CHttpResponseCodec.java:200)
at org.openqa.selenium.remote.codec.w3c.W3CHttpResponseCodec.decode(W3CHttpResponseCodec.java:133)
at org.openqa.selenium.remote.codec.w3c.W3CHttpResponseCodec.decode(W3CHttpResponseCodec.java:53)
at org.openqa.selenium.remote.HttpCommandExecutor.execute(HttpCommandExecutor.java:193)
at org.openqa.selenium.remote.service.DriverCommandExecutor.invokeExecute(DriverCommandExecutor.java:183)
at org.openqa.selenium.remote.service.DriverCommandExecutor.execute(DriverCommandExecutor.java:158)
at org.openqa.selenium.remote.RemoteWebDriver.execute(RemoteWebDriver.java:543)
at org.openqa.selenium.remote.RemoteWebElement.execute(RemoteWebElement.java:257)
at org.openqa.selenium.remote.RemoteWebElement.sendKeys(RemoteWebElement.java:113)
at jdk.internal.reflect.GeneratedMethodAccessor213.invoke(Unknown Source)
at java.base/jdk.internal.reflect.DelegatingMethodAccessorImpl.invoke(DelegatingMethodAccessorImpl.java:43)
at java.base/java.lang.reflect.Method.invoke(Method.java:568)
at org.openqa.selenium.support.pagefactory.internal.LocatingElementHandler.invoke(LocatingElementHandler.java:52)
at jdk.proxy2/jdk.proxy2.$Proxy46.sendKeys(Unknown Source)
at dsAlgo_Utilities.PageUtils.entercode(PageUtils.java:45)
at dsAlgo_PageObject.JTreePage.enter_code(JTreePage.java:56)
at dsAlgo_StepDefinition.JTreePage_SD.the_user_enter_valid_python_code_in_stack_try_editor_from_sheet_and(JTreePage_SD.java:61)
at ✽.The user enter valid python code in tree tryEditor from sheet "array" and 0(file:///C:/Users/subas/eclipse-workspace-new/Z_DS-Algo_BDDcopy/src/test/resources/Features/JTreePage.feature:49)
]]>
    </error>
  </testcase> <!-- runScenario -->
  <system-out/>
  <testcase classname="dsAlgo_TestRunner.TestRunner" name="runScenario" time="2.549"/>
  <system-out/>
  <testcase classname="dsAlgo_TestRunner.TestRunner" name="runScenario" time="2.070"/>
  <system-out/>
  <testcase classname="dsAlgo_TestRunner.TestRunner" name="runScenario" time="4.587"/>
  <system-out/>
  <testcase classname="dsAlgo_TestRunner.TestRunner" name="runScenario" time="3.320"/>
  <system-out/>
  <testcase classname="dsAlgo_TestRunner.TestRunner" name="runScenario" time="3.104"/>
  <system-out/>
  <testcase classname="dsAlgo_TestRunner.TestRunner" name="runScenario" time="3.384"/>
  <system-out/>
  <testcase classname="dsAlgo_TestRunner.TestRunner" name="runScenario" time="0.565"/>
  <system-out/>
  <testcase classname="dsAlgo_TestRunner.TestRunner" name="runScenario" time="2.723"/>
  <system-out/>
  <testcase classname="dsAlgo_TestRunner.TestRunner" name="runScenario" time="2.152"/>
  <system-out/>
  <testcase classname="dsAlgo_TestRunner.TestRunner" name="runScenario" time="3.726"/>
  <system-out/>
  <testcase classname="dsAlgo_TestRunner.TestRunner" name="runScenario" time="1.203"/>
  <system-out/>
</testsuite> <!-- dsAlgo_TestRunner.TestRunner -->
